{"C:\\Users\\KABUM\\Desktop\\Desenvolvimentos\\TechChallengerFiap\\backEnd\\src\\server.js": {"path":"C:\\Users\\KABUM\\Desktop\\Desenvolvimentos\\TechChallengerFiap\\backEnd\\src\\server.js","statementMap":{"0":{"start":{"line":1,"column":0},"end":{"line":1,"column":27}},"1":{"start":{"line":2,"column":16},"end":{"line":2,"column":34}},"2":{"start":{"line":3,"column":18},"end":{"line":3,"column":47}},"3":{"start":{"line":4,"column":21},"end":{"line":4,"column":48}},"4":{"start":{"line":5,"column":12},"end":{"line":5,"column":21}},"5":{"start":{"line":7,"column":0},"end":{"line":7,"column":24}},"6":{"start":{"line":10,"column":0},"end":{"line":10,"column":69}},"7":{"start":{"line":12,"column":22},"end":{"line":12,"column":62}},"8":{"start":{"line":13,"column":19},"end":{"line":13,"column":56}},"9":{"start":{"line":14,"column":22},"end":{"line":14,"column":62}},"10":{"start":{"line":15,"column":22},"end":{"line":15,"column":62}},"11":{"start":{"line":16,"column":19},"end":{"line":16,"column":56}},"12":{"start":{"line":17,"column":27},"end":{"line":17,"column":72}},"13":{"start":{"line":19,"column":0},"end":{"line":19,"column":23}},"14":{"start":{"line":20,"column":0},"end":{"line":20,"column":23}},"15":{"start":{"line":21,"column":0},"end":{"line":21,"column":22}},"16":{"start":{"line":22,"column":0},"end":{"line":22,"column":20}},"17":{"start":{"line":23,"column":0},"end":{"line":23,"column":28}},"18":{"start":{"line":24,"column":0},"end":{"line":24,"column":20}},"19":{"start":{"line":26,"column":0},"end":{"line":26,"column":21}},"20":{"start":{"line":28,"column":0},"end":{"line":33,"column":1}},"21":{"start":{"line":29,"column":2},"end":{"line":32,"column":5}},"22":{"start":{"line":30,"column":4},"end":{"line":30,"column":48}},"23":{"start":{"line":31,"column":4},"end":{"line":31,"column":72}}},"fnMap":{"0":{"name":"(anonymous_0)","decl":{"start":{"line":29,"column":19},"end":{"line":29,"column":20}},"loc":{"start":{"line":29,"column":25},"end":{"line":32,"column":3}},"line":29}},"branchMap":{"0":{"loc":{"start":{"line":28,"column":0},"end":{"line":33,"column":1}},"type":"if","locations":[{"start":{"line":28,"column":0},"end":{"line":33,"column":1}},{"start":{},"end":{}}],"line":28}},"s":{"0":6,"1":6,"2":6,"3":6,"4":6,"5":6,"6":6,"7":6,"8":6,"9":6,"10":6,"11":6,"12":6,"13":6,"14":6,"15":6,"16":6,"17":6,"18":6,"19":6,"20":6,"21":0,"22":0,"23":0},"f":{"0":0},"b":{"0":[0,6]},"_coverageSchema":"1a1c01bbd47fc00a2c39e90264f33305004495a9","hash":"d2248e579ef51dcf71aabae8d2c120875f92a963"}
,"C:\\Users\\KABUM\\Desktop\\Desenvolvimentos\\TechChallengerFiap\\backEnd\\src\\swagger.config.js": {"path":"C:\\Users\\KABUM\\Desktop\\Desenvolvimentos\\TechChallengerFiap\\backEnd\\src\\swagger.config.js","statementMap":{"0":{"start":{"line":1,"column":21},"end":{"line":1,"column":45}},"1":{"start":{"line":3,"column":16},"end":{"line":127,"column":1}},"2":{"start":{"line":129,"column":14},"end":{"line":129,"column":35}},"3":{"start":{"line":130,"column":0},"end":{"line":130,"column":23}}},"fnMap":{},"branchMap":{},"s":{"0":6,"1":6,"2":6,"3":6},"f":{},"b":{},"_coverageSchema":"1a1c01bbd47fc00a2c39e90264f33305004495a9","hash":"2a482d0ddd66ecc0a772e7b9d51c875a6f1ed71d"}
,"C:\\Users\\KABUM\\Desktop\\Desenvolvimentos\\TechChallengerFiap\\backEnd\\src\\application\\auth.service.js": {"path":"C:\\Users\\KABUM\\Desktop\\Desenvolvimentos\\TechChallengerFiap\\backEnd\\src\\application\\auth.service.js","statementMap":{"0":{"start":{"line":1,"column":26},"end":{"line":1,"column":70}},"1":{"start":{"line":2,"column":12},"end":{"line":2,"column":35}},"2":{"start":{"line":6,"column":20},"end":{"line":6,"column":65}},"3":{"start":{"line":9,"column":4},"end":{"line":11,"column":5}},"4":{"start":{"line":10,"column":6},"end":{"line":10,"column":47}},"5":{"start":{"line":13,"column":18},"end":{"line":17,"column":5}},"6":{"start":{"line":19,"column":4},"end":{"line":19,"column":33}},"7":{"start":{"line":23,"column":0},"end":{"line":23,"column":35}}},"fnMap":{"0":{"name":"(anonymous_0)","decl":{"start":{"line":5,"column":2},"end":{"line":5,"column":3}},"loc":{"start":{"line":5,"column":28},"end":{"line":20,"column":3}},"line":5}},"branchMap":{"0":{"loc":{"start":{"line":9,"column":4},"end":{"line":11,"column":5}},"type":"if","locations":[{"start":{"line":9,"column":4},"end":{"line":11,"column":5}},{"start":{},"end":{}}],"line":9},"1":{"loc":{"start":{"line":9,"column":8},"end":{"line":9,"column":43}},"type":"binary-expr","locations":[{"start":{"line":9,"column":8},"end":{"line":9,"column":16}},{"start":{"line":9,"column":20},"end":{"line":9,"column":43}}],"line":9}},"s":{"0":7,"1":7,"2":8,"3":8,"4":3,"5":5,"6":5,"7":7},"f":{"0":8},"b":{"0":[3,5],"1":[8,6]},"_coverageSchema":"1a1c01bbd47fc00a2c39e90264f33305004495a9","hash":"0de8c1e95696862de9a95f37fabbd590c8f8608a"}
,"C:\\Users\\KABUM\\Desktop\\Desenvolvimentos\\TechChallengerFiap\\backEnd\\src\\application\\cliente.service.js": {"path":"C:\\Users\\KABUM\\Desktop\\Desenvolvimentos\\TechChallengerFiap\\backEnd\\src\\application\\cliente.service.js","statementMap":{"0":{"start":{"line":1,"column":16},"end":{"line":1,"column":44}},"1":{"start":{"line":5,"column":4},"end":{"line":5,"column":47}},"2":{"start":{"line":6,"column":4},"end":{"line":6,"column":30}},"3":{"start":{"line":9,"column":20},"end":{"line":9,"column":53}},"4":{"start":{"line":11,"column":4},"end":{"line":11,"column":55}},"5":{"start":{"line":18,"column":4},"end":{"line":18,"column":47}},"6":{"start":{"line":21,"column":20},"end":{"line":21,"column":64}},"7":{"start":{"line":23,"column":4},"end":{"line":25,"column":5}},"8":{"start":{"line":24,"column":6},"end":{"line":24,"column":48}},"9":{"start":{"line":27,"column":4},"end":{"line":27,"column":19}},"10":{"start":{"line":34,"column":4},"end":{"line":34,"column":47}},"11":{"start":{"line":37,"column":4},"end":{"line":37,"column":49}},"12":{"start":{"line":44,"column":4},"end":{"line":44,"column":47}},"13":{"start":{"line":45,"column":4},"end":{"line":45,"column":30}},"14":{"start":{"line":49,"column":4},"end":{"line":49,"column":76}},"15":{"start":{"line":56,"column":4},"end":{"line":56,"column":47}},"16":{"start":{"line":59,"column":4},"end":{"line":59,"column":52}},"17":{"start":{"line":63,"column":0},"end":{"line":69,"column":2}}},"fnMap":{"0":{"name":"(anonymous_0)","decl":{"start":{"line":4,"column":2},"end":{"line":4,"column":3}},"loc":{"start":{"line":4,"column":44},"end":{"line":7,"column":3}},"line":4},"1":{"name":"(anonymous_1)","decl":{"start":{"line":8,"column":2},"end":{"line":8,"column":3}},"loc":{"start":{"line":8,"column":22},"end":{"line":12,"column":3}},"line":8},"2":{"name":"(anonymous_2)","decl":{"start":{"line":17,"column":2},"end":{"line":17,"column":3}},"loc":{"start":{"line":17,"column":33},"end":{"line":19,"column":3}},"line":17},"3":{"name":"(anonymous_3)","decl":{"start":{"line":20,"column":2},"end":{"line":20,"column":3}},"loc":{"start":{"line":20,"column":20},"end":{"line":28,"column":3}},"line":20},"4":{"name":"(anonymous_4)","decl":{"start":{"line":33,"column":2},"end":{"line":33,"column":3}},"loc":{"start":{"line":33,"column":33},"end":{"line":35,"column":3}},"line":33},"5":{"name":"(anonymous_5)","decl":{"start":{"line":36,"column":2},"end":{"line":36,"column":3}},"loc":{"start":{"line":36,"column":18},"end":{"line":38,"column":3}},"line":36},"6":{"name":"(anonymous_6)","decl":{"start":{"line":43,"column":2},"end":{"line":43,"column":3}},"loc":{"start":{"line":43,"column":44},"end":{"line":47,"column":3}},"line":43},"7":{"name":"(anonymous_7)","decl":{"start":{"line":48,"column":2},"end":{"line":48,"column":3}},"loc":{"start":{"line":48,"column":26},"end":{"line":50,"column":3}},"line":48},"8":{"name":"(anonymous_8)","decl":{"start":{"line":55,"column":2},"end":{"line":55,"column":3}},"loc":{"start":{"line":55,"column":33},"end":{"line":57,"column":3}},"line":55},"9":{"name":"(anonymous_9)","decl":{"start":{"line":58,"column":2},"end":{"line":58,"column":3}},"loc":{"start":{"line":58,"column":20},"end":{"line":60,"column":3}},"line":58}},"branchMap":{"0":{"loc":{"start":{"line":23,"column":4},"end":{"line":25,"column":5}},"type":"if","locations":[{"start":{"line":23,"column":4},"end":{"line":25,"column":5}},{"start":{},"end":{}}],"line":23}},"s":{"0":7,"1":8,"2":8,"3":4,"4":2,"5":8,"6":4,"7":4,"8":2,"9":2,"10":7,"11":2,"12":7,"13":7,"14":2,"15":7,"16":2,"17":7},"f":{"0":8,"1":4,"2":8,"3":4,"4":7,"5":2,"6":7,"7":2,"8":7,"9":2},"b":{"0":[2,2]},"_coverageSchema":"1a1c01bbd47fc00a2c39e90264f33305004495a9","hash":"eea1bc15da1b280629bc26cb94c71b3393aeafa7"}
,"C:\\Users\\KABUM\\Desktop\\Desenvolvimentos\\TechChallengerFiap\\backEnd\\src\\application\\notification.service.js": {"path":"C:\\Users\\KABUM\\Desktop\\Desenvolvimentos\\TechChallengerFiap\\backEnd\\src\\application\\notification.service.js","statementMap":{"0":{"start":{"line":13,"column":4},"end":{"line":13,"column":91}},"1":{"start":{"line":14,"column":4},"end":{"line":14,"column":77}},"2":{"start":{"line":15,"column":4},"end":{"line":15,"column":108}},"3":{"start":{"line":16,"column":4},"end":{"line":16,"column":59}},"4":{"start":{"line":17,"column":4},"end":{"line":17,"column":66}},"5":{"start":{"line":18,"column":4},"end":{"line":18,"column":69}},"6":{"start":{"line":19,"column":4},"end":{"line":19,"column":45}},"7":{"start":{"line":22,"column":4},"end":{"line":22,"column":59}},"8":{"start":{"line":22,"column":33},"end":{"line":22,"column":57}},"9":{"start":{"line":24,"column":4},"end":{"line":28,"column":6}},"10":{"start":{"line":38,"column":4},"end":{"line":38,"column":47}},"11":{"start":{"line":39,"column":4},"end":{"line":39,"column":42}},"12":{"start":{"line":40,"column":4},"end":{"line":40,"column":37}},"13":{"start":{"line":41,"column":4},"end":{"line":41,"column":45}},"14":{"start":{"line":43,"column":4},"end":{"line":43,"column":58}},"15":{"start":{"line":43,"column":33},"end":{"line":43,"column":56}},"16":{"start":{"line":45,"column":4},"end":{"line":49,"column":6}},"17":{"start":{"line":53,"column":0},"end":{"line":53,"column":43}}},"fnMap":{"0":{"name":"(anonymous_0)","decl":{"start":{"line":11,"column":2},"end":{"line":11,"column":3}},"loc":{"start":{"line":11,"column":52},"end":{"line":29,"column":3}},"line":11},"1":{"name":"(anonymous_1)","decl":{"start":{"line":22,"column":22},"end":{"line":22,"column":23}},"loc":{"start":{"line":22,"column":33},"end":{"line":22,"column":57}},"line":22},"2":{"name":"(anonymous_2)","decl":{"start":{"line":37,"column":2},"end":{"line":37,"column":3}},"loc":{"start":{"line":37,"column":39},"end":{"line":50,"column":3}},"line":37},"3":{"name":"(anonymous_3)","decl":{"start":{"line":43,"column":22},"end":{"line":43,"column":23}},"loc":{"start":{"line":43,"column":33},"end":{"line":43,"column":56}},"line":43}},"branchMap":{},"s":{"0":0,"1":0,"2":0,"3":0,"4":0,"5":0,"6":0,"7":0,"8":0,"9":0,"10":0,"11":0,"12":0,"13":0,"14":0,"15":0,"16":0,"17":6},"f":{"0":0,"1":0,"2":0,"3":0},"b":{},"_coverageSchema":"1a1c01bbd47fc00a2c39e90264f33305004495a9","hash":"e46de6ed6d4ac0a36a66cabd0cd8a6924e5362f3"}
,"C:\\Users\\KABUM\\Desktop\\Desenvolvimentos\\TechChallengerFiap\\backEnd\\src\\application\\ordemServico.service.js": {"path":"C:\\Users\\KABUM\\Desktop\\Desenvolvimentos\\TechChallengerFiap\\backEnd\\src\\application\\ordemServico.service.js","statementMap":{"0":{"start":{"line":1,"column":21},"end":{"line":1,"column":54}},"1":{"start":{"line":2,"column":25},"end":{"line":2,"column":62}},"2":{"start":{"line":3,"column":28},"end":{"line":3,"column":61}},"3":{"start":{"line":13,"column":4},"end":{"line":13,"column":57}},"4":{"start":{"line":14,"column":4},"end":{"line":14,"column":47}},"5":{"start":{"line":15,"column":4},"end":{"line":15,"column":47}},"6":{"start":{"line":16,"column":4},"end":{"line":16,"column":47}},"7":{"start":{"line":17,"column":4},"end":{"line":17,"column":41}},"8":{"start":{"line":21,"column":60},"end":{"line":21,"column":64}},"9":{"start":{"line":23,"column":4},"end":{"line":25,"column":5}},"10":{"start":{"line":24,"column":6},"end":{"line":24,"column":76}},"11":{"start":{"line":27,"column":27},"end":{"line":27,"column":93}},"12":{"start":{"line":28,"column":4},"end":{"line":30,"column":5}},"13":{"start":{"line":29,"column":6},"end":{"line":29,"column":69}},"14":{"start":{"line":32,"column":4},"end":{"line":34,"column":5}},"15":{"start":{"line":33,"column":6},"end":{"line":33,"column":73}},"16":{"start":{"line":37,"column":27},"end":{"line":37,"column":85}},"17":{"start":{"line":38,"column":4},"end":{"line":41,"column":5}},"18":{"start":{"line":40,"column":6},"end":{"line":40,"column":69}},"19":{"start":{"line":44,"column":25},"end":{"line":62,"column":5}},"20":{"start":{"line":45,"column":6},"end":{"line":47,"column":7}},"21":{"start":{"line":46,"column":8},"end":{"line":46,"column":45}},"22":{"start":{"line":49,"column":17},"end":{"line":49,"column":37}},"23":{"start":{"line":50,"column":6},"end":{"line":50,"column":41}},"24":{"start":{"line":51,"column":6},"end":{"line":55,"column":7}},"25":{"start":{"line":52,"column":8},"end":{"line":52,"column":38}},"26":{"start":{"line":53,"column":13},"end":{"line":55,"column":7}},"27":{"start":{"line":54,"column":8},"end":{"line":54,"column":38}},"28":{"start":{"line":57,"column":21},"end":{"line":57,"column":33}},"29":{"start":{"line":58,"column":6},"end":{"line":60,"column":7}},"30":{"start":{"line":59,"column":8},"end":{"line":59,"column":45}},"31":{"start":{"line":61,"column":6},"end":{"line":61,"column":20}},"32":{"start":{"line":64,"column":26},"end":{"line":86,"column":5}},"33":{"start":{"line":66,"column":8},"end":{"line":68,"column":9}},"34":{"start":{"line":67,"column":10},"end":{"line":67,"column":57}},"35":{"start":{"line":70,"column":24},"end":{"line":70,"column":73}},"36":{"start":{"line":71,"column":8},"end":{"line":73,"column":9}},"37":{"start":{"line":72,"column":10},"end":{"line":72,"column":67}},"38":{"start":{"line":75,"column":30},"end":{"line":75,"column":88}},"39":{"start":{"line":77,"column":8},"end":{"line":84,"column":10}},"40":{"start":{"line":88,"column":23},"end":{"line":119,"column":5}},"41":{"start":{"line":90,"column":8},"end":{"line":92,"column":9}},"42":{"start":{"line":91,"column":10},"end":{"line":91,"column":54}},"43":{"start":{"line":94,"column":21},"end":{"line":94,"column":67}},"44":{"start":{"line":95,"column":8},"end":{"line":97,"column":9}},"45":{"start":{"line":96,"column":10},"end":{"line":96,"column":64}},"46":{"start":{"line":99,"column":27},"end":{"line":99,"column":55}},"47":{"start":{"line":100,"column":8},"end":{"line":102,"column":9}},"48":{"start":{"line":101,"column":10},"end":{"line":101,"column":72}},"49":{"start":{"line":104,"column":8},"end":{"line":106,"column":9}},"50":{"start":{"line":105,"column":10},"end":{"line":105,"column":75}},"51":{"start":{"line":108,"column":30},"end":{"line":108,"column":82}},"52":{"start":{"line":110,"column":8},"end":{"line":117,"column":10}},"53":{"start":{"line":122,"column":6},"end":{"line":123,"column":63}},"54":{"start":{"line":122,"column":44},"end":{"line":122,"column":62}},"55":{"start":{"line":123,"column":41},"end":{"line":123,"column":59}},"56":{"start":{"line":125,"column":18},"end":{"line":131,"column":6}},"57":{"start":{"line":133,"column":4},"end":{"line":133,"column":85}},"58":{"start":{"line":139,"column":4},"end":{"line":139,"column":57}},"59":{"start":{"line":143,"column":4},"end":{"line":143,"column":54}},"60":{"start":{"line":149,"column":4},"end":{"line":149,"column":57}},"61":{"start":{"line":153,"column":18},"end":{"line":153,"column":67}},"62":{"start":{"line":154,"column":4},"end":{"line":156,"column":5}},"63":{"start":{"line":155,"column":6},"end":{"line":155,"column":57}},"64":{"start":{"line":157,"column":4},"end":{"line":157,"column":17}},"65":{"start":{"line":163,"column":4},"end":{"line":163,"column":57}},"66":{"start":{"line":164,"column":4},"end":{"line":164,"column":47}},"67":{"start":{"line":168,"column":20},"end":{"line":168,"column":78}},"68":{"start":{"line":169,"column":4},"end":{"line":171,"column":5}},"69":{"start":{"line":170,"column":6},"end":{"line":170,"column":48}},"70":{"start":{"line":172,"column":4},"end":{"line":172,"column":76}},"71":{"start":{"line":178,"column":4},"end":{"line":178,"column":57}},"72":{"start":{"line":182,"column":4},"end":{"line":184,"column":5}},"73":{"start":{"line":183,"column":6},"end":{"line":183,"column":46}},"74":{"start":{"line":186,"column":4},"end":{"line":186,"column":73}},"75":{"start":{"line":192,"column":4},"end":{"line":192,"column":57}},"76":{"start":{"line":193,"column":4},"end":{"line":193,"column":47}},"77":{"start":{"line":197,"column":26},"end":{"line":197,"column":77}},"78":{"start":{"line":200,"column":20},"end":{"line":200,"column":86}},"79":{"start":{"line":202,"column":4},"end":{"line":205,"column":5}},"80":{"start":{"line":204,"column":6},"end":{"line":204,"column":77}},"81":{"start":{"line":207,"column":4},"end":{"line":207,"column":25}},"82":{"start":{"line":213,"column":4},"end":{"line":213,"column":57}},"83":{"start":{"line":214,"column":4},"end":{"line":214,"column":47}},"84":{"start":{"line":219,"column":22},"end":{"line":219,"column":46}},"85":{"start":{"line":221,"column":23},"end":{"line":221,"column":72}},"86":{"start":{"line":222,"column":4},"end":{"line":224,"column":5}},"87":{"start":{"line":223,"column":6},"end":{"line":223,"column":67}},"88":{"start":{"line":226,"column":20},"end":{"line":226,"column":83}},"89":{"start":{"line":228,"column":4},"end":{"line":230,"column":5}},"90":{"start":{"line":229,"column":6},"end":{"line":229,"column":77}},"91":{"start":{"line":233,"column":23},"end":{"line":233,"column":72}},"92":{"start":{"line":236,"column":4},"end":{"line":252,"column":5}},"93":{"start":{"line":237,"column":30},"end":{"line":237,"column":101}},"94":{"start":{"line":239,"column":6},"end":{"line":243,"column":7}},"95":{"start":{"line":240,"column":8},"end":{"line":240,"column":81}},"96":{"start":{"line":242,"column":8},"end":{"line":242,"column":77}},"97":{"start":{"line":246,"column":6},"end":{"line":250,"column":7}},"98":{"start":{"line":247,"column":8},"end":{"line":247,"column":94}},"99":{"start":{"line":249,"column":8},"end":{"line":249,"column":80}},"100":{"start":{"line":251,"column":6},"end":{"line":251,"column":29}},"101":{"start":{"line":255,"column":4},"end":{"line":264,"column":5}},"102":{"start":{"line":256,"column":30},"end":{"line":256,"column":95}},"103":{"start":{"line":258,"column":6},"end":{"line":262,"column":7}},"104":{"start":{"line":259,"column":8},"end":{"line":259,"column":89}},"105":{"start":{"line":261,"column":8},"end":{"line":261,"column":82}},"106":{"start":{"line":263,"column":6},"end":{"line":263,"column":29}},"107":{"start":{"line":267,"column":4},"end":{"line":267,"column":77}},"108":{"start":{"line":273,"column":4},"end":{"line":273,"column":57}},"109":{"start":{"line":277,"column":21},"end":{"line":277,"column":97}},"110":{"start":{"line":279,"column":4},"end":{"line":286,"column":5}},"111":{"start":{"line":280,"column":6},"end":{"line":285,"column":8}},"112":{"start":{"line":289,"column":31},"end":{"line":301,"column":7}},"113":{"start":{"line":289,"column":56},"end":{"line":301,"column":5}},"114":{"start":{"line":303,"column":28},"end":{"line":303,"column":76}},"115":{"start":{"line":305,"column":4},"end":{"line":310,"column":6}},"116":{"start":{"line":314,"column":0},"end":{"line":323,"column":2}}},"fnMap":{"0":{"name":"(anonymous_0)","decl":{"start":{"line":6,"column":2},"end":{"line":6,"column":3}},"loc":{"start":{"line":12,"column":4},"end":{"line":18,"column":3}},"line":12},"1":{"name":"(anonymous_1)","decl":{"start":{"line":20,"column":2},"end":{"line":20,"column":3}},"loc":{"start":{"line":20,"column":22},"end":{"line":134,"column":3}},"line":20},"2":{"name":"(anonymous_2)","decl":{"start":{"line":44,"column":25},"end":{"line":44,"column":26}},"loc":{"start":{"line":44,"column":43},"end":{"line":62,"column":5}},"line":44},"3":{"name":"(anonymous_3)","decl":{"start":{"line":65,"column":19},"end":{"line":65,"column":20}},"loc":{"start":{"line":65,"column":35},"end":{"line":85,"column":7}},"line":65},"4":{"name":"(anonymous_4)","decl":{"start":{"line":89,"column":16},"end":{"line":89,"column":17}},"loc":{"start":{"line":89,"column":32},"end":{"line":118,"column":7}},"line":89},"5":{"name":"(anonymous_5)","decl":{"start":{"line":122,"column":27},"end":{"line":122,"column":28}},"loc":{"start":{"line":122,"column":44},"end":{"line":122,"column":62}},"line":122},"6":{"name":"(anonymous_6)","decl":{"start":{"line":123,"column":24},"end":{"line":123,"column":25}},"loc":{"start":{"line":123,"column":41},"end":{"line":123,"column":59}},"line":123},"7":{"name":"(anonymous_7)","decl":{"start":{"line":138,"column":2},"end":{"line":138,"column":3}},"loc":{"start":{"line":138,"column":38},"end":{"line":140,"column":3}},"line":138},"8":{"name":"(anonymous_8)","decl":{"start":{"line":142,"column":2},"end":{"line":142,"column":3}},"loc":{"start":{"line":142,"column":18},"end":{"line":144,"column":3}},"line":142},"9":{"name":"(anonymous_9)","decl":{"start":{"line":148,"column":2},"end":{"line":148,"column":3}},"loc":{"start":{"line":148,"column":38},"end":{"line":150,"column":3}},"line":148},"10":{"name":"(anonymous_10)","decl":{"start":{"line":152,"column":2},"end":{"line":152,"column":3}},"loc":{"start":{"line":152,"column":20},"end":{"line":158,"column":3}},"line":152},"11":{"name":"(anonymous_11)","decl":{"start":{"line":162,"column":2},"end":{"line":162,"column":3}},"loc":{"start":{"line":162,"column":57},"end":{"line":165,"column":3}},"line":162},"12":{"name":"(anonymous_12)","decl":{"start":{"line":167,"column":2},"end":{"line":167,"column":3}},"loc":{"start":{"line":167,"column":27},"end":{"line":173,"column":3}},"line":167},"13":{"name":"(anonymous_13)","decl":{"start":{"line":177,"column":2},"end":{"line":177,"column":3}},"loc":{"start":{"line":177,"column":38},"end":{"line":179,"column":3}},"line":177},"14":{"name":"(anonymous_14)","decl":{"start":{"line":181,"column":2},"end":{"line":181,"column":3}},"loc":{"start":{"line":181,"column":28},"end":{"line":187,"column":3}},"line":181},"15":{"name":"(anonymous_15)","decl":{"start":{"line":191,"column":2},"end":{"line":191,"column":3}},"loc":{"start":{"line":191,"column":57},"end":{"line":194,"column":3}},"line":191},"16":{"name":"(anonymous_16)","decl":{"start":{"line":196,"column":2},"end":{"line":196,"column":3}},"loc":{"start":{"line":196,"column":20},"end":{"line":208,"column":3}},"line":196},"17":{"name":"(anonymous_17)","decl":{"start":{"line":212,"column":2},"end":{"line":212,"column":3}},"loc":{"start":{"line":212,"column":57},"end":{"line":215,"column":3}},"line":212},"18":{"name":"(anonymous_18)","decl":{"start":{"line":217,"column":2},"end":{"line":217,"column":3}},"loc":{"start":{"line":217,"column":20},"end":{"line":268,"column":3}},"line":217},"19":{"name":"(anonymous_19)","decl":{"start":{"line":272,"column":2},"end":{"line":272,"column":3}},"loc":{"start":{"line":272,"column":38},"end":{"line":274,"column":3}},"line":272},"20":{"name":"(anonymous_20)","decl":{"start":{"line":276,"column":2},"end":{"line":276,"column":3}},"loc":{"start":{"line":276,"column":20},"end":{"line":311,"column":3}},"line":276},"21":{"name":"(anonymous_21)","decl":{"start":{"line":289,"column":44},"end":{"line":289,"column":45}},"loc":{"start":{"line":289,"column":56},"end":{"line":301,"column":5}},"line":289}},"branchMap":{"0":{"loc":{"start":{"line":21,"column":30},"end":{"line":21,"column":43}},"type":"default-arg","locations":[{"start":{"line":21,"column":41},"end":{"line":21,"column":43}}],"line":21},"1":{"loc":{"start":{"line":21,"column":45},"end":{"line":21,"column":55}},"type":"default-arg","locations":[{"start":{"line":21,"column":53},"end":{"line":21,"column":55}}],"line":21},"2":{"loc":{"start":{"line":23,"column":4},"end":{"line":25,"column":5}},"type":"if","locations":[{"start":{"line":23,"column":4},"end":{"line":25,"column":5}},{"start":{},"end":{}}],"line":23},"3":{"loc":{"start":{"line":23,"column":8},"end":{"line":23,"column":38}},"type":"binary-expr","locations":[{"start":{"line":23,"column":8},"end":{"line":23,"column":16}},{"start":{"line":23,"column":20},"end":{"line":23,"column":38}}],"line":23},"4":{"loc":{"start":{"line":28,"column":4},"end":{"line":30,"column":5}},"type":"if","locations":[{"start":{"line":28,"column":4},"end":{"line":30,"column":5}},{"start":{},"end":{}}],"line":28},"5":{"loc":{"start":{"line":32,"column":4},"end":{"line":34,"column":5}},"type":"if","locations":[{"start":{"line":32,"column":4},"end":{"line":34,"column":5}},{"start":{},"end":{}}],"line":32},"6":{"loc":{"start":{"line":32,"column":8},"end":{"line":32,"column":34}},"type":"binary-expr","locations":[{"start":{"line":32,"column":8},"end":{"line":32,"column":16}},{"start":{"line":32,"column":20},"end":{"line":32,"column":34}}],"line":32},"7":{"loc":{"start":{"line":38,"column":4},"end":{"line":41,"column":5}},"type":"if","locations":[{"start":{"line":38,"column":4},"end":{"line":41,"column":5}},{"start":{},"end":{}}],"line":38},"8":{"loc":{"start":{"line":45,"column":6},"end":{"line":47,"column":7}},"type":"if","locations":[{"start":{"line":45,"column":6},"end":{"line":47,"column":7}},{"start":{},"end":{}}],"line":45},"9":{"loc":{"start":{"line":51,"column":6},"end":{"line":55,"column":7}},"type":"if","locations":[{"start":{"line":51,"column":6},"end":{"line":55,"column":7}},{"start":{"line":53,"column":13},"end":{"line":55,"column":7}}],"line":51},"10":{"loc":{"start":{"line":51,"column":10},"end":{"line":51,"column":51}},"type":"binary-expr","locations":[{"start":{"line":51,"column":10},"end":{"line":51,"column":28}},{"start":{"line":51,"column":32},"end":{"line":51,"column":51}}],"line":51},"11":{"loc":{"start":{"line":53,"column":13},"end":{"line":55,"column":7}},"type":"if","locations":[{"start":{"line":53,"column":13},"end":{"line":55,"column":7}},{"start":{},"end":{}}],"line":53},"12":{"loc":{"start":{"line":53,"column":17},"end":{"line":53,"column":57}},"type":"binary-expr","locations":[{"start":{"line":53,"column":17},"end":{"line":53,"column":35}},{"start":{"line":53,"column":39},"end":{"line":53,"column":57}}],"line":53},"13":{"loc":{"start":{"line":58,"column":6},"end":{"line":60,"column":7}},"type":"if","locations":[{"start":{"line":58,"column":6},"end":{"line":60,"column":7}},{"start":{},"end":{}}],"line":58},"14":{"loc":{"start":{"line":66,"column":8},"end":{"line":68,"column":9}},"type":"if","locations":[{"start":{"line":66,"column":8},"end":{"line":68,"column":9}},{"start":{},"end":{}}],"line":66},"15":{"loc":{"start":{"line":71,"column":8},"end":{"line":73,"column":9}},"type":"if","locations":[{"start":{"line":71,"column":8},"end":{"line":73,"column":9}},{"start":{},"end":{}}],"line":71},"16":{"loc":{"start":{"line":90,"column":8},"end":{"line":92,"column":9}},"type":"if","locations":[{"start":{"line":90,"column":8},"end":{"line":92,"column":9}},{"start":{},"end":{}}],"line":90},"17":{"loc":{"start":{"line":95,"column":8},"end":{"line":97,"column":9}},"type":"if","locations":[{"start":{"line":95,"column":8},"end":{"line":97,"column":9}},{"start":{},"end":{}}],"line":95},"18":{"loc":{"start":{"line":99,"column":34},"end":{"line":99,"column":54}},"type":"binary-expr","locations":[{"start":{"line":99,"column":34},"end":{"line":99,"column":49}},{"start":{"line":99,"column":53},"end":{"line":99,"column":54}}],"line":99},"19":{"loc":{"start":{"line":100,"column":8},"end":{"line":102,"column":9}},"type":"if","locations":[{"start":{"line":100,"column":8},"end":{"line":102,"column":9}},{"start":{},"end":{}}],"line":100},"20":{"loc":{"start":{"line":104,"column":8},"end":{"line":106,"column":9}},"type":"if","locations":[{"start":{"line":104,"column":8},"end":{"line":106,"column":9}},{"start":{},"end":{}}],"line":104},"21":{"loc":{"start":{"line":154,"column":4},"end":{"line":156,"column":5}},"type":"if","locations":[{"start":{"line":154,"column":4},"end":{"line":156,"column":5}},{"start":{},"end":{}}],"line":154},"22":{"loc":{"start":{"line":169,"column":4},"end":{"line":171,"column":5}},"type":"if","locations":[{"start":{"line":169,"column":4},"end":{"line":171,"column":5}},{"start":{},"end":{}}],"line":169},"23":{"loc":{"start":{"line":182,"column":4},"end":{"line":184,"column":5}},"type":"if","locations":[{"start":{"line":182,"column":4},"end":{"line":184,"column":5}},{"start":{},"end":{}}],"line":182},"24":{"loc":{"start":{"line":202,"column":4},"end":{"line":205,"column":5}},"type":"if","locations":[{"start":{"line":202,"column":4},"end":{"line":205,"column":5}},{"start":{},"end":{}}],"line":202},"25":{"loc":{"start":{"line":222,"column":4},"end":{"line":224,"column":5}},"type":"if","locations":[{"start":{"line":222,"column":4},"end":{"line":224,"column":5}},{"start":{},"end":{}}],"line":222},"26":{"loc":{"start":{"line":228,"column":4},"end":{"line":230,"column":5}},"type":"if","locations":[{"start":{"line":228,"column":4},"end":{"line":230,"column":5}},{"start":{},"end":{}}],"line":228},"27":{"loc":{"start":{"line":236,"column":4},"end":{"line":252,"column":5}},"type":"if","locations":[{"start":{"line":236,"column":4},"end":{"line":252,"column":5}},{"start":{},"end":{}}],"line":236},"28":{"loc":{"start":{"line":236,"column":8},"end":{"line":236,"column":84}},"type":"binary-expr","locations":[{"start":{"line":236,"column":8},"end":{"line":236,"column":52}},{"start":{"line":236,"column":56},"end":{"line":236,"column":84}}],"line":236},"29":{"loc":{"start":{"line":255,"column":4},"end":{"line":264,"column":5}},"type":"if","locations":[{"start":{"line":255,"column":4},"end":{"line":264,"column":5}},{"start":{},"end":{}}],"line":255},"30":{"loc":{"start":{"line":255,"column":8},"end":{"line":255,"column":74}},"type":"binary-expr","locations":[{"start":{"line":255,"column":8},"end":{"line":255,"column":43}},{"start":{"line":255,"column":47},"end":{"line":255,"column":74}}],"line":255},"31":{"loc":{"start":{"line":279,"column":4},"end":{"line":286,"column":5}},"type":"if","locations":[{"start":{"line":279,"column":4},"end":{"line":286,"column":5}},{"start":{},"end":{}}],"line":279},"32":{"loc":{"start":{"line":279,"column":8},"end":{"line":279,"column":42}},"type":"binary-expr","locations":[{"start":{"line":279,"column":8},"end":{"line":279,"column":17}},{"start":{"line":279,"column":21},"end":{"line":279,"column":42}}],"line":279},"33":{"loc":{"start":{"line":300,"column":27},"end":{"line":300,"column":65}},"type":"binary-expr","locations":[{"start":{"line":300,"column":27},"end":{"line":300,"column":60}},{"start":{"line":300,"column":64},"end":{"line":300,"column":65}}],"line":300},"34":{"loc":{"start":{"line":303,"column":28},"end":{"line":303,"column":76}},"type":"binary-expr","locations":[{"start":{"line":303,"column":28},"end":{"line":303,"column":71}},{"start":{"line":303,"column":75},"end":{"line":303,"column":76}}],"line":303}},"s":{"0":6,"1":6,"2":6,"3":6,"4":6,"5":6,"6":6,"7":6,"8":0,"9":0,"10":0,"11":0,"12":0,"13":0,"14":0,"15":0,"16":0,"17":0,"18":0,"19":0,"20":0,"21":0,"22":0,"23":0,"24":0,"25":0,"26":0,"27":0,"28":0,"29":0,"30":0,"31":0,"32":0,"33":0,"34":0,"35":0,"36":0,"37":0,"38":0,"39":0,"40":0,"41":0,"42":0,"43":0,"44":0,"45":0,"46":0,"47":0,"48":0,"49":0,"50":0,"51":0,"52":0,"53":0,"54":0,"55":0,"56":0,"57":0,"58":6,"59":0,"60":6,"61":0,"62":0,"63":0,"64":0,"65":6,"66":6,"67":0,"68":0,"69":0,"70":0,"71":6,"72":0,"73":0,"74":0,"75":6,"76":6,"77":0,"78":0,"79":0,"80":0,"81":0,"82":6,"83":6,"84":0,"85":0,"86":0,"87":0,"88":0,"89":0,"90":0,"91":0,"92":0,"93":0,"94":0,"95":0,"96":0,"97":0,"98":0,"99":0,"100":0,"101":0,"102":0,"103":0,"104":0,"105":0,"106":0,"107":0,"108":6,"109":0,"110":0,"111":0,"112":0,"113":0,"114":0,"115":0,"116":6},"f":{"0":6,"1":0,"2":0,"3":0,"4":0,"5":0,"6":0,"7":6,"8":0,"9":6,"10":0,"11":6,"12":0,"13":6,"14":0,"15":6,"16":0,"17":6,"18":0,"19":6,"20":0,"21":0},"b":{"0":[0],"1":[0],"2":[0,0],"3":[0,0],"4":[0,0],"5":[0,0],"6":[0,0],"7":[0,0],"8":[0,0],"9":[0,0],"10":[0,0],"11":[0,0],"12":[0,0],"13":[0,0],"14":[0,0],"15":[0,0],"16":[0,0],"17":[0,0],"18":[0,0],"19":[0,0],"20":[0,0],"21":[0,0],"22":[0,0],"23":[0,0],"24":[0,0],"25":[0,0],"26":[0,0],"27":[0,0],"28":[0,0],"29":[0,0],"30":[0,0],"31":[0,0],"32":[0,0],"33":[0,0],"34":[0,0]},"_coverageSchema":"1a1c01bbd47fc00a2c39e90264f33305004495a9","hash":"acd5aa96436de7e2291e1dd791a3c8de81648d8a"}
,"C:\\Users\\KABUM\\Desktop\\Desenvolvimentos\\TechChallengerFiap\\backEnd\\src\\application\\peca.service.js": {"path":"C:\\Users\\KABUM\\Desktop\\Desenvolvimentos\\TechChallengerFiap\\backEnd\\src\\application\\peca.service.js","statementMap":{"0":{"start":{"line":1,"column":13},"end":{"line":1,"column":38}},"1":{"start":{"line":5,"column":4},"end":{"line":5,"column":41}},"2":{"start":{"line":9,"column":17},"end":{"line":9,"column":31}},"3":{"start":{"line":10,"column":4},"end":{"line":10,"column":49}},"4":{"start":{"line":16,"column":4},"end":{"line":16,"column":41}},"5":{"start":{"line":20,"column":4},"end":{"line":20,"column":46}},"6":{"start":{"line":26,"column":4},"end":{"line":26,"column":41}},"7":{"start":{"line":30,"column":17},"end":{"line":30,"column":58}},"8":{"start":{"line":31,"column":4},"end":{"line":33,"column":5}},"9":{"start":{"line":32,"column":6},"end":{"line":32,"column":45}},"10":{"start":{"line":34,"column":4},"end":{"line":34,"column":16}},"11":{"start":{"line":40,"column":4},"end":{"line":40,"column":41}},"12":{"start":{"line":44,"column":17},"end":{"line":44,"column":62}},"13":{"start":{"line":45,"column":4},"end":{"line":47,"column":5}},"14":{"start":{"line":46,"column":6},"end":{"line":46,"column":45}},"15":{"start":{"line":48,"column":4},"end":{"line":48,"column":16}},"16":{"start":{"line":54,"column":4},"end":{"line":54,"column":41}},"17":{"start":{"line":58,"column":4},"end":{"line":58,"column":49}},"18":{"start":{"line":62,"column":0},"end":{"line":68,"column":2}}},"fnMap":{"0":{"name":"(anonymous_0)","decl":{"start":{"line":4,"column":2},"end":{"line":4,"column":3}},"loc":{"start":{"line":4,"column":30},"end":{"line":6,"column":3}},"line":4},"1":{"name":"(anonymous_1)","decl":{"start":{"line":8,"column":2},"end":{"line":8,"column":3}},"loc":{"start":{"line":8,"column":22},"end":{"line":11,"column":3}},"line":8},"2":{"name":"(anonymous_2)","decl":{"start":{"line":15,"column":2},"end":{"line":15,"column":3}},"loc":{"start":{"line":15,"column":30},"end":{"line":17,"column":3}},"line":15},"3":{"name":"(anonymous_3)","decl":{"start":{"line":19,"column":2},"end":{"line":19,"column":3}},"loc":{"start":{"line":19,"column":18},"end":{"line":21,"column":3}},"line":19},"4":{"name":"(anonymous_4)","decl":{"start":{"line":25,"column":2},"end":{"line":25,"column":3}},"loc":{"start":{"line":25,"column":30},"end":{"line":27,"column":3}},"line":25},"5":{"name":"(anonymous_5)","decl":{"start":{"line":29,"column":2},"end":{"line":29,"column":3}},"loc":{"start":{"line":29,"column":20},"end":{"line":35,"column":3}},"line":29},"6":{"name":"(anonymous_6)","decl":{"start":{"line":39,"column":2},"end":{"line":39,"column":3}},"loc":{"start":{"line":39,"column":30},"end":{"line":41,"column":3}},"line":39},"7":{"name":"(anonymous_7)","decl":{"start":{"line":43,"column":2},"end":{"line":43,"column":3}},"loc":{"start":{"line":43,"column":26},"end":{"line":49,"column":3}},"line":43},"8":{"name":"(anonymous_8)","decl":{"start":{"line":53,"column":2},"end":{"line":53,"column":3}},"loc":{"start":{"line":53,"column":30},"end":{"line":55,"column":3}},"line":53},"9":{"name":"(anonymous_9)","decl":{"start":{"line":57,"column":2},"end":{"line":57,"column":3}},"loc":{"start":{"line":57,"column":20},"end":{"line":59,"column":3}},"line":57}},"branchMap":{"0":{"loc":{"start":{"line":31,"column":4},"end":{"line":33,"column":5}},"type":"if","locations":[{"start":{"line":31,"column":4},"end":{"line":33,"column":5}},{"start":{},"end":{}}],"line":31},"1":{"loc":{"start":{"line":45,"column":4},"end":{"line":47,"column":5}},"type":"if","locations":[{"start":{"line":45,"column":4},"end":{"line":47,"column":5}},{"start":{},"end":{}}],"line":45}},"s":{"0":7,"1":8,"2":4,"3":2,"4":7,"5":2,"6":8,"7":4,"8":3,"9":1,"10":2,"11":8,"12":3,"13":3,"14":1,"15":2,"16":7,"17":2,"18":7},"f":{"0":8,"1":4,"2":7,"3":2,"4":8,"5":4,"6":8,"7":3,"8":7,"9":2},"b":{"0":[1,2],"1":[1,2]},"_coverageSchema":"1a1c01bbd47fc00a2c39e90264f33305004495a9","hash":"4a128273cbb4014431ecdf07ed252af5e3c59242"}
,"C:\\Users\\KABUM\\Desktop\\Desenvolvimentos\\TechChallengerFiap\\backEnd\\src\\application\\servico.service.js": {"path":"C:\\Users\\KABUM\\Desktop\\Desenvolvimentos\\TechChallengerFiap\\backEnd\\src\\application\\servico.service.js","statementMap":{"0":{"start":{"line":1,"column":16},"end":{"line":1,"column":44}},"1":{"start":{"line":6,"column":8},"end":{"line":6,"column":50}},"2":{"start":{"line":11,"column":24},"end":{"line":11,"column":41}},"3":{"start":{"line":12,"column":8},"end":{"line":12,"column":58}},"4":{"start":{"line":19,"column":8},"end":{"line":19,"column":50}},"5":{"start":{"line":22,"column":8},"end":{"line":22,"column":52}},"6":{"start":{"line":30,"column":8},"end":{"line":30,"column":50}},"7":{"start":{"line":33,"column":24},"end":{"line":33,"column":68}},"8":{"start":{"line":34,"column":8},"end":{"line":34,"column":62}},"9":{"start":{"line":34,"column":21},"end":{"line":34,"column":62}},"10":{"start":{"line":35,"column":8},"end":{"line":35,"column":22}},"11":{"start":{"line":42,"column":8},"end":{"line":42,"column":50}},"12":{"start":{"line":45,"column":24},"end":{"line":45,"column":64}},"13":{"start":{"line":46,"column":8},"end":{"line":46,"column":22}},"14":{"start":{"line":53,"column":8},"end":{"line":53,"column":50}},"15":{"start":{"line":57,"column":24},"end":{"line":57,"column":72}},"16":{"start":{"line":58,"column":8},"end":{"line":58,"column":63}},"17":{"start":{"line":58,"column":22},"end":{"line":58,"column":63}},"18":{"start":{"line":59,"column":8},"end":{"line":59,"column":22}},"19":{"start":{"line":64,"column":0},"end":{"line":71,"column":1}}},"fnMap":{"0":{"name":"(anonymous_0)","decl":{"start":{"line":4,"column":4},"end":{"line":4,"column":5}},"loc":{"start":{"line":4,"column":34},"end":{"line":8,"column":5}},"line":4},"1":{"name":"(anonymous_1)","decl":{"start":{"line":10,"column":4},"end":{"line":10,"column":5}},"loc":{"start":{"line":10,"column":23},"end":{"line":13,"column":5}},"line":10},"2":{"name":"(anonymous_2)","decl":{"start":{"line":18,"column":4},"end":{"line":18,"column":5}},"loc":{"start":{"line":18,"column":34},"end":{"line":20,"column":5}},"line":18},"3":{"name":"(anonymous_3)","decl":{"start":{"line":21,"column":4},"end":{"line":21,"column":5}},"loc":{"start":{"line":21,"column":19},"end":{"line":23,"column":5}},"line":21},"4":{"name":"(anonymous_4)","decl":{"start":{"line":29,"column":4},"end":{"line":29,"column":5}},"loc":{"start":{"line":29,"column":34},"end":{"line":31,"column":5}},"line":29},"5":{"name":"(anonymous_5)","decl":{"start":{"line":32,"column":4},"end":{"line":32,"column":5}},"loc":{"start":{"line":32,"column":21},"end":{"line":36,"column":5}},"line":32},"6":{"name":"(anonymous_6)","decl":{"start":{"line":41,"column":4},"end":{"line":41,"column":5}},"loc":{"start":{"line":41,"column":35},"end":{"line":43,"column":5}},"line":41},"7":{"name":"(anonymous_7)","decl":{"start":{"line":44,"column":4},"end":{"line":44,"column":5}},"loc":{"start":{"line":44,"column":21},"end":{"line":47,"column":5}},"line":44},"8":{"name":"(anonymous_8)","decl":{"start":{"line":52,"column":4},"end":{"line":52,"column":5}},"loc":{"start":{"line":52,"column":35},"end":{"line":54,"column":5}},"line":52},"9":{"name":"(anonymous_9)","decl":{"start":{"line":56,"column":4},"end":{"line":56,"column":5}},"loc":{"start":{"line":56,"column":27},"end":{"line":60,"column":5}},"line":56}},"branchMap":{"0":{"loc":{"start":{"line":34,"column":8},"end":{"line":34,"column":62}},"type":"if","locations":[{"start":{"line":34,"column":8},"end":{"line":34,"column":62}},{"start":{},"end":{}}],"line":34},"1":{"loc":{"start":{"line":58,"column":8},"end":{"line":58,"column":63}},"type":"if","locations":[{"start":{"line":58,"column":8},"end":{"line":58,"column":63}},{"start":{},"end":{}}],"line":58}},"s":{"0":7,"1":8,"2":4,"3":2,"4":7,"5":2,"6":8,"7":4,"8":3,"9":1,"10":2,"11":7,"12":2,"13":2,"14":8,"15":3,"16":3,"17":1,"18":2,"19":7},"f":{"0":8,"1":4,"2":7,"3":2,"4":8,"5":4,"6":7,"7":2,"8":8,"9":3},"b":{"0":[1,2],"1":[1,2]},"_coverageSchema":"1a1c01bbd47fc00a2c39e90264f33305004495a9","hash":"0cbb559557d44282aabe4737c8f149b5269eac57"}
,"C:\\Users\\KABUM\\Desktop\\Desenvolvimentos\\TechChallengerFiap\\backEnd\\src\\application\\veiculo.service.js": {"path":"C:\\Users\\KABUM\\Desktop\\Desenvolvimentos\\TechChallengerFiap\\backEnd\\src\\application\\veiculo.service.js","statementMap":{"0":{"start":{"line":1,"column":17},"end":{"line":1,"column":45}},"1":{"start":{"line":5,"column":8},"end":{"line":5,"column":51}},"2":{"start":{"line":9,"column":24},"end":{"line":9,"column":42}},"3":{"start":{"line":11,"column":30},"end":{"line":11,"column":88}},"4":{"start":{"line":12,"column":8},"end":{"line":14,"column":9}},"5":{"start":{"line":13,"column":12},"end":{"line":13,"column":92}},"6":{"start":{"line":16,"column":8},"end":{"line":16,"column":59}},"7":{"start":{"line":22,"column":8},"end":{"line":22,"column":51}},"8":{"start":{"line":26,"column":4},"end":{"line":26,"column":48}},"9":{"start":{"line":33,"column":8},"end":{"line":33,"column":51}},"10":{"start":{"line":37,"column":24},"end":{"line":37,"column":75}},"11":{"start":{"line":38,"column":8},"end":{"line":39,"column":9}},"12":{"start":{"line":38,"column":23},"end":{"line":38,"column":64}},"13":{"start":{"line":40,"column":8},"end":{"line":40,"column":22}},"14":{"start":{"line":48,"column":8},"end":{"line":48,"column":51}},"15":{"start":{"line":52,"column":8},"end":{"line":52,"column":55}},"16":{"start":{"line":58,"column":8},"end":{"line":58,"column":50}},"17":{"start":{"line":61,"column":8},"end":{"line":61,"column":63}},"18":{"start":{"line":65,"column":0},"end":{"line":71,"column":1}}},"fnMap":{"0":{"name":"(anonymous_0)","decl":{"start":{"line":4,"column":4},"end":{"line":4,"column":5}},"loc":{"start":{"line":4,"column":35},"end":{"line":6,"column":5}},"line":4},"1":{"name":"(anonymous_1)","decl":{"start":{"line":8,"column":4},"end":{"line":8,"column":5}},"loc":{"start":{"line":8,"column":24},"end":{"line":17,"column":5}},"line":8},"2":{"name":"(anonymous_2)","decl":{"start":{"line":21,"column":4},"end":{"line":21,"column":5}},"loc":{"start":{"line":21,"column":34},"end":{"line":23,"column":5}},"line":21},"3":{"name":"(anonymous_3)","decl":{"start":{"line":25,"column":4},"end":{"line":25,"column":5}},"loc":{"start":{"line":25,"column":19},"end":{"line":27,"column":1}},"line":25},"4":{"name":"(anonymous_4)","decl":{"start":{"line":32,"column":4},"end":{"line":32,"column":5}},"loc":{"start":{"line":32,"column":34},"end":{"line":34,"column":5}},"line":32},"5":{"name":"(anonymous_5)","decl":{"start":{"line":36,"column":4},"end":{"line":36,"column":5}},"loc":{"start":{"line":36,"column":21},"end":{"line":42,"column":5}},"line":36},"6":{"name":"(anonymous_6)","decl":{"start":{"line":47,"column":4},"end":{"line":47,"column":5}},"loc":{"start":{"line":47,"column":34},"end":{"line":49,"column":5}},"line":47},"7":{"name":"(anonymous_7)","decl":{"start":{"line":51,"column":4},"end":{"line":51,"column":5}},"loc":{"start":{"line":51,"column":21},"end":{"line":53,"column":5}},"line":51},"8":{"name":"(anonymous_8)","decl":{"start":{"line":57,"column":4},"end":{"line":57,"column":5}},"loc":{"start":{"line":57,"column":34},"end":{"line":59,"column":5}},"line":57},"9":{"name":"(anonymous_9)","decl":{"start":{"line":60,"column":4},"end":{"line":60,"column":5}},"loc":{"start":{"line":60,"column":27},"end":{"line":62,"column":5}},"line":60}},"branchMap":{"0":{"loc":{"start":{"line":12,"column":8},"end":{"line":14,"column":9}},"type":"if","locations":[{"start":{"line":12,"column":8},"end":{"line":14,"column":9}},{"start":{},"end":{}}],"line":12},"1":{"loc":{"start":{"line":38,"column":8},"end":{"line":39,"column":9}},"type":"if","locations":[{"start":{"line":38,"column":8},"end":{"line":39,"column":9}},{"start":{},"end":{}}],"line":38}},"s":{"0":7,"1":9,"2":7,"3":4,"4":4,"5":1,"6":3,"7":7,"8":3,"9":8,"10":6,"11":6,"12":3,"13":3,"14":7,"15":3,"16":7,"17":3,"18":7},"f":{"0":9,"1":7,"2":7,"3":3,"4":8,"5":6,"6":7,"7":3,"8":7,"9":3},"b":{"0":[1,3],"1":[3,3]},"_coverageSchema":"1a1c01bbd47fc00a2c39e90264f33305004495a9","hash":"2adec4d5cc4f3f6b9b10a10dbe324124884ff568"}
,"C:\\Users\\KABUM\\Desktop\\Desenvolvimentos\\TechChallengerFiap\\backEnd\\src\\domain\\cliente.js": {"path":"C:\\Users\\KABUM\\Desktop\\Desenvolvimentos\\TechChallengerFiap\\backEnd\\src\\domain\\cliente.js","statementMap":{"0":{"start":{"line":3,"column":4},"end":{"line":3,"column":17}},"1":{"start":{"line":4,"column":4},"end":{"line":4,"column":21}},"2":{"start":{"line":5,"column":4},"end":{"line":5,"column":23}},"3":{"start":{"line":6,"column":4},"end":{"line":6,"column":29}},"4":{"start":{"line":7,"column":4},"end":{"line":7,"column":41}},"5":{"start":{"line":8,"column":4},"end":{"line":8,"column":31}},"6":{"start":{"line":10,"column":4},"end":{"line":10,"column":40}},"7":{"start":{"line":14,"column":17},"end":{"line":14,"column":77}},"8":{"start":{"line":15,"column":4},"end":{"line":15,"column":58}},"9":{"start":{"line":15,"column":20},"end":{"line":15,"column":58}},"10":{"start":{"line":16,"column":4},"end":{"line":16,"column":60}},"11":{"start":{"line":16,"column":21},"end":{"line":16,"column":60}},"12":{"start":{"line":17,"column":4},"end":{"line":17,"column":100}},"13":{"start":{"line":17,"column":43},"end":{"line":17,"column":100}},"14":{"start":{"line":18,"column":4},"end":{"line":20,"column":5}},"15":{"start":{"line":19,"column":6},"end":{"line":19,"column":42}},"16":{"start":{"line":21,"column":4},"end":{"line":21,"column":69}},"17":{"start":{"line":28,"column":0},"end":{"line":28,"column":25}}},"fnMap":{"0":{"name":"(anonymous_0)","decl":{"start":{"line":2,"column":2},"end":{"line":2,"column":3}},"loc":{"start":{"line":2,"column":91},"end":{"line":11,"column":3}},"line":2},"1":{"name":"(anonymous_1)","decl":{"start":{"line":13,"column":2},"end":{"line":13,"column":3}},"loc":{"start":{"line":13,"column":33},"end":{"line":24,"column":3}},"line":13}},"branchMap":{"0":{"loc":{"start":{"line":14,"column":17},"end":{"line":14,"column":77}},"type":"cond-expr","locations":[{"start":{"line":14,"column":39},"end":{"line":14,"column":72}},{"start":{"line":14,"column":75},"end":{"line":14,"column":77}}],"line":14},"1":{"loc":{"start":{"line":15,"column":4},"end":{"line":15,"column":58}},"type":"if","locations":[{"start":{"line":15,"column":4},"end":{"line":15,"column":58}},{"start":{},"end":{}}],"line":15},"2":{"loc":{"start":{"line":16,"column":4},"end":{"line":16,"column":60}},"type":"if","locations":[{"start":{"line":16,"column":4},"end":{"line":16,"column":60}},{"start":{},"end":{}}],"line":16},"3":{"loc":{"start":{"line":17,"column":4},"end":{"line":17,"column":100}},"type":"if","locations":[{"start":{"line":17,"column":4},"end":{"line":17,"column":100}},{"start":{},"end":{}}],"line":17},"4":{"loc":{"start":{"line":17,"column":8},"end":{"line":17,"column":40}},"type":"binary-expr","locations":[{"start":{"line":17,"column":8},"end":{"line":17,"column":21}},{"start":{"line":17,"column":25},"end":{"line":17,"column":40}}],"line":17},"5":{"loc":{"start":{"line":18,"column":4},"end":{"line":20,"column":5}},"type":"if","locations":[{"start":{"line":18,"column":4},"end":{"line":20,"column":5}},{"start":{},"end":{}}],"line":18}},"s":{"0":9,"1":9,"2":9,"3":9,"4":9,"5":9,"6":9,"7":9,"8":9,"9":2,"10":7,"11":1,"12":6,"13":1,"14":5,"15":2,"16":3,"17":8},"f":{"0":9,"1":9},"b":{"0":[9,0],"1":[2,7],"2":[1,6],"3":[1,5],"4":[6,3],"5":[2,3]},"_coverageSchema":"1a1c01bbd47fc00a2c39e90264f33305004495a9","hash":"e656c86fb434185414a453e413109ef4d71cd09d"}
,"C:\\Users\\KABUM\\Desktop\\Desenvolvimentos\\TechChallengerFiap\\backEnd\\src\\domain\\ordemServico.js": {"path":"C:\\Users\\KABUM\\Desktop\\Desenvolvimentos\\TechChallengerFiap\\backEnd\\src\\domain\\ordemServico.js","statementMap":{"0":{"start":{"line":14,"column":4},"end":{"line":14,"column":17}},"1":{"start":{"line":15,"column":4},"end":{"line":15,"column":33}},"2":{"start":{"line":16,"column":4},"end":{"line":16,"column":33}},"3":{"start":{"line":17,"column":4},"end":{"line":17,"column":29}},"4":{"start":{"line":18,"column":4},"end":{"line":18,"column":23}},"5":{"start":{"line":19,"column":4},"end":{"line":19,"column":35}},"6":{"start":{"line":20,"column":4},"end":{"line":20,"column":25}},"7":{"start":{"line":21,"column":4},"end":{"line":21,"column":29}},"8":{"start":{"line":22,"column":4},"end":{"line":22,"column":33}},"9":{"start":{"line":23,"column":4},"end":{"line":23,"column":33}},"10":{"start":{"line":25,"column":4},"end":{"line":25,"column":19}},"11":{"start":{"line":29,"column":21},"end":{"line":36,"column":5}},"12":{"start":{"line":38,"column":4},"end":{"line":38,"column":67}},"13":{"start":{"line":38,"column":26},"end":{"line":38,"column":67}},"14":{"start":{"line":39,"column":4},"end":{"line":39,"column":67}},"15":{"start":{"line":39,"column":26},"end":{"line":39,"column":67}},"16":{"start":{"line":40,"column":4},"end":{"line":40,"column":87}},"17":{"start":{"line":40,"column":39},"end":{"line":40,"column":87}},"18":{"start":{"line":41,"column":4},"end":{"line":41,"column":81}},"19":{"start":{"line":41,"column":36},"end":{"line":41,"column":81}},"20":{"start":{"line":42,"column":4},"end":{"line":42,"column":101}},"21":{"start":{"line":42,"column":61},"end":{"line":42,"column":101}},"22":{"start":{"line":43,"column":4},"end":{"line":43,"column":76}},"23":{"start":{"line":43,"column":41},"end":{"line":43,"column":76}},"24":{"start":{"line":47,"column":0},"end":{"line":47,"column":30}}},"fnMap":{"0":{"name":"(anonymous_0)","decl":{"start":{"line":2,"column":2},"end":{"line":2,"column":3}},"loc":{"start":{"line":13,"column":5},"end":{"line":26,"column":3}},"line":13},"1":{"name":"(anonymous_1)","decl":{"start":{"line":28,"column":2},"end":{"line":28,"column":3}},"loc":{"start":{"line":28,"column":12},"end":{"line":44,"column":3}},"line":28}},"branchMap":{"0":{"loc":{"start":{"line":6,"column":4},"end":{"line":6,"column":17}},"type":"default-arg","locations":[{"start":{"line":6,"column":15},"end":{"line":6,"column":17}}],"line":6},"1":{"loc":{"start":{"line":7,"column":4},"end":{"line":7,"column":14}},"type":"default-arg","locations":[{"start":{"line":7,"column":12},"end":{"line":7,"column":14}}],"line":7},"2":{"loc":{"start":{"line":8,"column":4},"end":{"line":8,"column":19}},"type":"default-arg","locations":[{"start":{"line":8,"column":18},"end":{"line":8,"column":19}}],"line":8},"3":{"loc":{"start":{"line":9,"column":4},"end":{"line":9,"column":23}},"type":"default-arg","locations":[{"start":{"line":9,"column":13},"end":{"line":9,"column":23}}],"line":9},"4":{"loc":{"start":{"line":10,"column":4},"end":{"line":10,"column":20}},"type":"default-arg","locations":[{"start":{"line":10,"column":15},"end":{"line":10,"column":20}}],"line":10},"5":{"loc":{"start":{"line":38,"column":4},"end":{"line":38,"column":67}},"type":"if","locations":[{"start":{"line":38,"column":4},"end":{"line":38,"column":67}},{"start":{},"end":{}}],"line":38},"6":{"loc":{"start":{"line":39,"column":4},"end":{"line":39,"column":67}},"type":"if","locations":[{"start":{"line":39,"column":4},"end":{"line":39,"column":67}},{"start":{},"end":{}}],"line":39},"7":{"loc":{"start":{"line":40,"column":4},"end":{"line":40,"column":87}},"type":"if","locations":[{"start":{"line":40,"column":4},"end":{"line":40,"column":87}},{"start":{},"end":{}}],"line":40},"8":{"loc":{"start":{"line":41,"column":4},"end":{"line":41,"column":81}},"type":"if","locations":[{"start":{"line":41,"column":4},"end":{"line":41,"column":81}},{"start":{},"end":{}}],"line":41},"9":{"loc":{"start":{"line":42,"column":4},"end":{"line":42,"column":101}},"type":"if","locations":[{"start":{"line":42,"column":4},"end":{"line":42,"column":101}},{"start":{},"end":{}}],"line":42},"10":{"loc":{"start":{"line":42,"column":8},"end":{"line":42,"column":59}},"type":"binary-expr","locations":[{"start":{"line":42,"column":8},"end":{"line":42,"column":32}},{"start":{"line":42,"column":36},"end":{"line":42,"column":59}}],"line":42},"11":{"loc":{"start":{"line":43,"column":4},"end":{"line":43,"column":76}},"type":"if","locations":[{"start":{"line":43,"column":4},"end":{"line":43,"column":76}},{"start":{},"end":{}}],"line":43}},"s":{"0":14,"1":14,"2":14,"3":14,"4":14,"5":14,"6":14,"7":14,"8":14,"9":14,"10":14,"11":14,"12":14,"13":1,"14":13,"15":1,"16":12,"17":1,"18":11,"19":1,"20":10,"21":1,"22":9,"23":1,"24":7},"f":{"0":14,"1":14},"b":{"0":[12],"1":[12],"2":[12],"3":[6],"4":[13],"5":[1,13],"6":[1,12],"7":[1,11],"8":[1,10],"9":[1,9],"10":[10,10],"11":[1,8]},"_coverageSchema":"1a1c01bbd47fc00a2c39e90264f33305004495a9","hash":"3557d5c7504640237eccbe8f8430baa4e5b820c4"}
,"C:\\Users\\KABUM\\Desktop\\Desenvolvimentos\\TechChallengerFiap\\backEnd\\src\\domain\\peca.js": {"path":"C:\\Users\\KABUM\\Desktop\\Desenvolvimentos\\TechChallengerFiap\\backEnd\\src\\domain\\peca.js","statementMap":{"0":{"start":{"line":3,"column":8},"end":{"line":3,"column":20}},"1":{"start":{"line":4,"column":8},"end":{"line":4,"column":24}},"2":{"start":{"line":5,"column":8},"end":{"line":5,"column":34}},"3":{"start":{"line":6,"column":8},"end":{"line":6,"column":26}},"4":{"start":{"line":7,"column":8},"end":{"line":7,"column":36}},"5":{"start":{"line":8,"column":7},"end":{"line":8,"column":21}},"6":{"start":{"line":11,"column":8},"end":{"line":11,"column":60}},"7":{"start":{"line":11,"column":23},"end":{"line":11,"column":60}},"8":{"start":{"line":12,"column":8},"end":{"line":12,"column":70}},"9":{"start":{"line":12,"column":28},"end":{"line":12,"column":70}},"10":{"start":{"line":13,"column":8},"end":{"line":13,"column":62}},"11":{"start":{"line":13,"column":24},"end":{"line":13,"column":62}},"12":{"start":{"line":17,"column":0},"end":{"line":17,"column":21}}},"fnMap":{"0":{"name":"(anonymous_0)","decl":{"start":{"line":2,"column":4},"end":{"line":2,"column":5}},"loc":{"start":{"line":2,"column":58},"end":{"line":9,"column":5}},"line":2},"1":{"name":"(anonymous_1)","decl":{"start":{"line":10,"column":4},"end":{"line":10,"column":5}},"loc":{"start":{"line":10,"column":13},"end":{"line":14,"column":5}},"line":10}},"branchMap":{"0":{"loc":{"start":{"line":11,"column":8},"end":{"line":11,"column":60}},"type":"if","locations":[{"start":{"line":11,"column":8},"end":{"line":11,"column":60}},{"start":{},"end":{}}],"line":11},"1":{"loc":{"start":{"line":12,"column":8},"end":{"line":12,"column":70}},"type":"if","locations":[{"start":{"line":12,"column":8},"end":{"line":12,"column":70}},{"start":{},"end":{}}],"line":12},"2":{"loc":{"start":{"line":13,"column":8},"end":{"line":13,"column":62}},"type":"if","locations":[{"start":{"line":13,"column":8},"end":{"line":13,"column":62}},{"start":{},"end":{}}],"line":13}},"s":{"0":6,"1":6,"2":6,"3":6,"4":6,"5":6,"6":6,"7":2,"8":4,"9":1,"10":3,"11":1,"12":8},"f":{"0":6,"1":6},"b":{"0":[2,4],"1":[1,3],"2":[1,2]},"_coverageSchema":"1a1c01bbd47fc00a2c39e90264f33305004495a9","hash":"5d3f6122153e05c47309763ad363de9d85faadd7"}
,"C:\\Users\\KABUM\\Desktop\\Desenvolvimentos\\TechChallengerFiap\\backEnd\\src\\domain\\servico.js": {"path":"C:\\Users\\KABUM\\Desktop\\Desenvolvimentos\\TechChallengerFiap\\backEnd\\src\\domain\\servico.js","statementMap":{"0":{"start":{"line":3,"column":8},"end":{"line":3,"column":20}},"1":{"start":{"line":4,"column":8},"end":{"line":4,"column":24}},"2":{"start":{"line":5,"column":8},"end":{"line":5,"column":34}},"3":{"start":{"line":6,"column":8},"end":{"line":6,"column":26}},"4":{"start":{"line":8,"column":8},"end":{"line":8,"column":27}},"5":{"start":{"line":12,"column":8},"end":{"line":12,"column":72}},"6":{"start":{"line":12,"column":23},"end":{"line":12,"column":71}},"7":{"start":{"line":13,"column":8},"end":{"line":13,"column":82}},"8":{"start":{"line":13,"column":28},"end":{"line":13,"column":81}},"9":{"start":{"line":14,"column":8},"end":{"line":14,"column":74}},"10":{"start":{"line":14,"column":24},"end":{"line":14,"column":73}},"11":{"start":{"line":19,"column":0},"end":{"line":19,"column":24}}},"fnMap":{"0":{"name":"(anonymous_0)","decl":{"start":{"line":2,"column":4},"end":{"line":2,"column":5}},"loc":{"start":{"line":2,"column":45},"end":{"line":9,"column":5}},"line":2},"1":{"name":"(anonymous_1)","decl":{"start":{"line":11,"column":4},"end":{"line":11,"column":5}},"loc":{"start":{"line":11,"column":18},"end":{"line":15,"column":5}},"line":11}},"branchMap":{"0":{"loc":{"start":{"line":12,"column":8},"end":{"line":12,"column":72}},"type":"if","locations":[{"start":{"line":12,"column":8},"end":{"line":12,"column":72}},{"start":{},"end":{}}],"line":12},"1":{"loc":{"start":{"line":13,"column":8},"end":{"line":13,"column":82}},"type":"if","locations":[{"start":{"line":13,"column":8},"end":{"line":13,"column":82}},{"start":{},"end":{}}],"line":13},"2":{"loc":{"start":{"line":14,"column":8},"end":{"line":14,"column":74}},"type":"if","locations":[{"start":{"line":14,"column":8},"end":{"line":14,"column":74}},{"start":{},"end":{}}],"line":14}},"s":{"0":6,"1":6,"2":6,"3":6,"4":6,"5":6,"6":2,"7":4,"8":1,"9":3,"10":1,"11":8},"f":{"0":6,"1":6},"b":{"0":[2,4],"1":[1,3],"2":[1,2]},"_coverageSchema":"1a1c01bbd47fc00a2c39e90264f33305004495a9","hash":"a2c9fb2e3184529ab9e395120e508fc796526736"}
,"C:\\Users\\KABUM\\Desktop\\Desenvolvimentos\\TechChallengerFiap\\backEnd\\src\\domain\\statusTransition.js": {"path":"C:\\Users\\KABUM\\Desktop\\Desenvolvimentos\\TechChallengerFiap\\backEnd\\src\\domain\\statusTransition.js","statementMap":{"0":{"start":{"line":6,"column":24},"end":{"line":13,"column":1}},"1":{"start":{"line":17,"column":25},"end":{"line":17,"column":63}},"2":{"start":{"line":19,"column":4},"end":{"line":21,"column":5}},"3":{"start":{"line":20,"column":6},"end":{"line":20,"column":59}},"4":{"start":{"line":23,"column":4},"end":{"line":25,"column":5}},"5":{"start":{"line":24,"column":6},"end":{"line":24,"column":82}},"6":{"start":{"line":27,"column":4},"end":{"line":27,"column":45}},"7":{"start":{"line":31,"column":4},"end":{"line":31,"column":44}},"8":{"start":{"line":35,"column":25},"end":{"line":35,"column":63}},"9":{"start":{"line":36,"column":4},"end":{"line":36,"column":76}},"10":{"start":{"line":40,"column":4},"end":{"line":40,"column":32}},"11":{"start":{"line":44,"column":0},"end":{"line":44,"column":34}}},"fnMap":{"0":{"name":"(anonymous_0)","decl":{"start":{"line":16,"column":2},"end":{"line":16,"column":3}},"loc":{"start":{"line":16,"column":38},"end":{"line":28,"column":3}},"line":16},"1":{"name":"(anonymous_1)","decl":{"start":{"line":30,"column":2},"end":{"line":30,"column":3}},"loc":{"start":{"line":30,"column":31},"end":{"line":32,"column":3}},"line":30},"2":{"name":"(anonymous_2)","decl":{"start":{"line":34,"column":2},"end":{"line":34,"column":3}},"loc":{"start":{"line":34,"column":35},"end":{"line":37,"column":3}},"line":34},"3":{"name":"(anonymous_3)","decl":{"start":{"line":39,"column":2},"end":{"line":39,"column":3}},"loc":{"start":{"line":39,"column":29},"end":{"line":41,"column":3}},"line":39}},"branchMap":{"0":{"loc":{"start":{"line":19,"column":4},"end":{"line":21,"column":5}},"type":"if","locations":[{"start":{"line":19,"column":4},"end":{"line":21,"column":5}},{"start":{},"end":{}}],"line":19},"1":{"loc":{"start":{"line":23,"column":4},"end":{"line":25,"column":5}},"type":"if","locations":[{"start":{"line":23,"column":4},"end":{"line":25,"column":5}},{"start":{},"end":{}}],"line":23},"2":{"loc":{"start":{"line":36,"column":11},"end":{"line":36,"column":75}},"type":"binary-expr","locations":[{"start":{"line":36,"column":11},"end":{"line":36,"column":30}},{"start":{"line":36,"column":34},"end":{"line":36,"column":75}}],"line":36}},"s":{"0":6,"1":0,"2":0,"3":0,"4":0,"5":0,"6":0,"7":0,"8":0,"9":0,"10":0,"11":6},"f":{"0":0,"1":0,"2":0,"3":0},"b":{"0":[0,0],"1":[0,0],"2":[0,0]},"_coverageSchema":"1a1c01bbd47fc00a2c39e90264f33305004495a9","hash":"7c3b169f023c934773980d3bd1e8ba176a8745fe"}
,"C:\\Users\\KABUM\\Desktop\\Desenvolvimentos\\TechChallengerFiap\\backEnd\\src\\domain\\veiculo.js": {"path":"C:\\Users\\KABUM\\Desktop\\Desenvolvimentos\\TechChallengerFiap\\backEnd\\src\\domain\\veiculo.js","statementMap":{"0":{"start":{"line":3,"column":8},"end":{"line":3,"column":21}},"1":{"start":{"line":4,"column":8},"end":{"line":4,"column":27}},"2":{"start":{"line":5,"column":8},"end":{"line":5,"column":29}},"3":{"start":{"line":6,"column":8},"end":{"line":6,"column":23}},"4":{"start":{"line":7,"column":8},"end":{"line":7,"column":27}},"5":{"start":{"line":9,"column":8},"end":{"line":9,"column":28}},"6":{"start":{"line":13,"column":8},"end":{"line":13,"column":65}},"7":{"start":{"line":13,"column":26},"end":{"line":13,"column":65}},"8":{"start":{"line":14,"column":8},"end":{"line":14,"column":66}},"9":{"start":{"line":14,"column":26},"end":{"line":14,"column":66}},"10":{"start":{"line":15,"column":8},"end":{"line":15,"column":63}},"11":{"start":{"line":15,"column":26},"end":{"line":15,"column":63}},"12":{"start":{"line":16,"column":8},"end":{"line":16,"column":65}},"13":{"start":{"line":16,"column":26},"end":{"line":16,"column":65}},"14":{"start":{"line":18,"column":8},"end":{"line":18,"column":38}},"15":{"start":{"line":23,"column":33},"end":{"line":23,"column":69}},"16":{"start":{"line":25,"column":32},"end":{"line":25,"column":52}},"17":{"start":{"line":26,"column":32},"end":{"line":26,"column":68}},"18":{"start":{"line":28,"column":8},"end":{"line":32,"column":9}},"19":{"start":{"line":29,"column":12},"end":{"line":31,"column":14}},"20":{"start":{"line":35,"column":8},"end":{"line":35,"column":38}},"21":{"start":{"line":39,"column":0},"end":{"line":39,"column":26}}},"fnMap":{"0":{"name":"(anonymous_0)","decl":{"start":{"line":2,"column":4},"end":{"line":2,"column":5}},"loc":{"start":{"line":2,"column":51},"end":{"line":10,"column":5}},"line":2},"1":{"name":"(anonymous_1)","decl":{"start":{"line":12,"column":4},"end":{"line":12,"column":5}},"loc":{"start":{"line":12,"column":19},"end":{"line":19,"column":5}},"line":12},"2":{"name":"(anonymous_2)","decl":{"start":{"line":21,"column":4},"end":{"line":21,"column":5}},"loc":{"start":{"line":21,"column":24},"end":{"line":36,"column":5}},"line":21}},"branchMap":{"0":{"loc":{"start":{"line":13,"column":8},"end":{"line":13,"column":65}},"type":"if","locations":[{"start":{"line":13,"column":8},"end":{"line":13,"column":65}},{"start":{},"end":{}}],"line":13},"1":{"loc":{"start":{"line":14,"column":8},"end":{"line":14,"column":66}},"type":"if","locations":[{"start":{"line":14,"column":8},"end":{"line":14,"column":66}},{"start":{},"end":{}}],"line":14},"2":{"loc":{"start":{"line":15,"column":8},"end":{"line":15,"column":63}},"type":"if","locations":[{"start":{"line":15,"column":8},"end":{"line":15,"column":63}},{"start":{},"end":{}}],"line":15},"3":{"loc":{"start":{"line":16,"column":8},"end":{"line":16,"column":65}},"type":"if","locations":[{"start":{"line":16,"column":8},"end":{"line":16,"column":65}},{"start":{},"end":{}}],"line":16},"4":{"loc":{"start":{"line":28,"column":8},"end":{"line":32,"column":9}},"type":"if","locations":[{"start":{"line":28,"column":8},"end":{"line":32,"column":9}},{"start":{},"end":{}}],"line":28},"5":{"loc":{"start":{"line":28,"column":12},"end":{"line":28,"column":92}},"type":"binary-expr","locations":[{"start":{"line":28,"column":12},"end":{"line":28,"column":49}},{"start":{"line":28,"column":53},"end":{"line":28,"column":92}}],"line":28}},"s":{"0":9,"1":9,"2":9,"3":9,"4":9,"5":9,"6":9,"7":1,"8":8,"9":1,"10":7,"11":1,"12":6,"13":3,"14":3,"15":3,"16":3,"17":3,"18":3,"19":0,"20":3,"21":8},"f":{"0":9,"1":9,"2":3},"b":{"0":[1,8],"1":[1,7],"2":[1,6],"3":[3,3],"4":[0,3],"5":[3,0]},"_coverageSchema":"1a1c01bbd47fc00a2c39e90264f33305004495a9","hash":"31d086384335822e91b6f4bc44aac84979ef38c6"}
,"C:\\Users\\KABUM\\Desktop\\Desenvolvimentos\\TechChallengerFiap\\backEnd\\src\\infrastructure\\auth.repository.js": {"path":"C:\\Users\\KABUM\\Desktop\\Desenvolvimentos\\TechChallengerFiap\\backEnd\\src\\infrastructure\\auth.repository.js","statementMap":{"0":{"start":{"line":1,"column":13},"end":{"line":1,"column":48}},"1":{"start":{"line":5,"column":35},"end":{"line":5,"column":42}},"2":{"start":{"line":6,"column":19},"end":{"line":9,"column":5}},"3":{"start":{"line":10,"column":4},"end":{"line":10,"column":26}},"4":{"start":{"line":15,"column":4},"end":{"line":22,"column":5}},"5":{"start":{"line":16,"column":6},"end":{"line":21,"column":8}},"6":{"start":{"line":24,"column":4},"end":{"line":24,"column":16}},"7":{"start":{"line":28,"column":0},"end":{"line":28,"column":41}}},"fnMap":{"0":{"name":"(anonymous_0)","decl":{"start":{"line":4,"column":2},"end":{"line":4,"column":3}},"loc":{"start":{"line":4,"column":23},"end":{"line":11,"column":3}},"line":4},"1":{"name":"(anonymous_1)","decl":{"start":{"line":13,"column":1},"end":{"line":13,"column":2}},"loc":{"start":{"line":13,"column":29},"end":{"line":25,"column":3}},"line":13}},"branchMap":{"0":{"loc":{"start":{"line":15,"column":4},"end":{"line":22,"column":5}},"type":"if","locations":[{"start":{"line":15,"column":4},"end":{"line":22,"column":5}},{"start":{},"end":{}}],"line":15}},"s":{"0":7,"1":0,"2":0,"3":0,"4":8,"5":6,"6":2,"7":7},"f":{"0":0,"1":8},"b":{"0":[6,2]},"_coverageSchema":"1a1c01bbd47fc00a2c39e90264f33305004495a9","hash":"290ccbc6d151d78dd76fb4dc5788964e4b6421f8"}
,"C:\\Users\\KABUM\\Desktop\\Desenvolvimentos\\TechChallengerFiap\\backEnd\\src\\infrastructure\\cliente.repository.js": {"path":"C:\\Users\\KABUM\\Desktop\\Desenvolvimentos\\TechChallengerFiap\\backEnd\\src\\infrastructure\\cliente.repository.js","statementMap":{"0":{"start":{"line":1,"column":13},"end":{"line":1,"column":45}},"1":{"start":{"line":5,"column":19},"end":{"line":9,"column":5}},"2":{"start":{"line":11,"column":4},"end":{"line":11,"column":26}},"3":{"start":{"line":15,"column":19},"end":{"line":18,"column":5}},"4":{"start":{"line":20,"column":4},"end":{"line":20,"column":26}},"5":{"start":{"line":24,"column":19},"end":{"line":27,"column":5}},"6":{"start":{"line":29,"column":4},"end":{"line":29,"column":26}},"7":{"start":{"line":33,"column":19},"end":{"line":33,"column":61}},"8":{"start":{"line":34,"column":4},"end":{"line":34,"column":23}},"9":{"start":{"line":38,"column":19},"end":{"line":48,"column":5}},"10":{"start":{"line":50,"column":4},"end":{"line":50,"column":26}},"11":{"start":{"line":54,"column":4},"end":{"line":54,"column":65}},"12":{"start":{"line":65,"column":0},"end":{"line":65,"column":41}}},"fnMap":{"0":{"name":"(anonymous_0)","decl":{"start":{"line":4,"column":2},"end":{"line":4,"column":3}},"loc":{"start":{"line":4,"column":23},"end":{"line":12,"column":3}},"line":4},"1":{"name":"(anonymous_1)","decl":{"start":{"line":14,"column":2},"end":{"line":14,"column":3}},"loc":{"start":{"line":14,"column":24},"end":{"line":21,"column":3}},"line":14},"2":{"name":"(anonymous_2)","decl":{"start":{"line":23,"column":2},"end":{"line":23,"column":3}},"loc":{"start":{"line":23,"column":38},"end":{"line":30,"column":3}},"line":23},"3":{"name":"(anonymous_3)","decl":{"start":{"line":32,"column":2},"end":{"line":32,"column":3}},"loc":{"start":{"line":32,"column":17},"end":{"line":35,"column":3}},"line":32},"4":{"name":"(anonymous_4)","decl":{"start":{"line":37,"column":2},"end":{"line":37,"column":3}},"loc":{"start":{"line":37,"column":31},"end":{"line":51,"column":3}},"line":37},"5":{"name":"(anonymous_5)","decl":{"start":{"line":53,"column":2},"end":{"line":53,"column":3}},"loc":{"start":{"line":53,"column":20},"end":{"line":55,"column":3}},"line":53}},"branchMap":{"0":{"loc":{"start":{"line":47,"column":7},"end":{"line":47,"column":27}},"type":"binary-expr","locations":[{"start":{"line":47,"column":7},"end":{"line":47,"column":19}},{"start":{"line":47,"column":23},"end":{"line":47,"column":27}}],"line":47},"1":{"loc":{"start":{"line":47,"column":29},"end":{"line":47,"column":50}},"type":"binary-expr","locations":[{"start":{"line":47,"column":29},"end":{"line":47,"column":42}},{"start":{"line":47,"column":46},"end":{"line":47,"column":50}}],"line":47},"2":{"loc":{"start":{"line":47,"column":52},"end":{"line":47,"column":76}},"type":"binary-expr","locations":[{"start":{"line":47,"column":52},"end":{"line":47,"column":68}},{"start":{"line":47,"column":72},"end":{"line":47,"column":76}}],"line":47},"3":{"loc":{"start":{"line":47,"column":78},"end":{"line":47,"column":108}},"type":"binary-expr","locations":[{"start":{"line":47,"column":78},"end":{"line":47,"column":100}},{"start":{"line":47,"column":104},"end":{"line":47,"column":108}}],"line":47},"4":{"loc":{"start":{"line":47,"column":110},"end":{"line":47,"column":135}},"type":"binary-expr","locations":[{"start":{"line":47,"column":110},"end":{"line":47,"column":127}},{"start":{"line":47,"column":131},"end":{"line":47,"column":135}}],"line":47}},"s":{"0":8,"1":2,"2":0,"3":2,"4":0,"5":0,"6":0,"7":1,"8":0,"9":1,"10":0,"11":2,"12":8},"f":{"0":2,"1":2,"2":0,"3":1,"4":1,"5":2},"b":{"0":[1,0],"1":[1,1],"2":[1,1],"3":[1,1],"4":[1,1]},"_coverageSchema":"1a1c01bbd47fc00a2c39e90264f33305004495a9","hash":"d4d5a080cc086d90f336d4043b8413bec6feeac3"}
,"C:\\Users\\KABUM\\Desktop\\Desenvolvimentos\\TechChallengerFiap\\backEnd\\src\\infrastructure\\ordemServico.repository.js": {"path":"C:\\Users\\KABUM\\Desktop\\Desenvolvimentos\\TechChallengerFiap\\backEnd\\src\\infrastructure\\ordemServico.repository.js","statementMap":{"0":{"start":{"line":1,"column":13},"end":{"line":1,"column":45}},"1":{"start":{"line":5,"column":19},"end":{"line":5,"column":39}},"2":{"start":{"line":7,"column":4},"end":{"line":73,"column":5}},"3":{"start":{"line":8,"column":6},"end":{"line":8,"column":34}},"4":{"start":{"line":10,"column":26},"end":{"line":22,"column":7}},"5":{"start":{"line":24,"column":26},"end":{"line":24,"column":45}},"6":{"start":{"line":26,"column":6},"end":{"line":39,"column":7}},"7":{"start":{"line":27,"column":8},"end":{"line":38,"column":10}},"8":{"start":{"line":41,"column":6},"end":{"line":61,"column":7}},"9":{"start":{"line":42,"column":8},"end":{"line":53,"column":10}},"10":{"start":{"line":55,"column":8},"end":{"line":60,"column":10}},"11":{"start":{"line":63,"column":6},"end":{"line":63,"column":35}},"12":{"start":{"line":65,"column":6},"end":{"line":65,"column":43}},"13":{"start":{"line":66,"column":6},"end":{"line":66,"column":37}},"14":{"start":{"line":67,"column":6},"end":{"line":67,"column":25}},"15":{"start":{"line":69,"column":6},"end":{"line":69,"column":37}},"16":{"start":{"line":70,"column":6},"end":{"line":70,"column":18}},"17":{"start":{"line":72,"column":6},"end":{"line":72,"column":23}},"18":{"start":{"line":77,"column":19},"end":{"line":77,"column":92}},"19":{"start":{"line":78,"column":4},"end":{"line":78,"column":23}},"20":{"start":{"line":82,"column":19},"end":{"line":82,"column":87}},"21":{"start":{"line":83,"column":18},"end":{"line":83,"column":32}},"22":{"start":{"line":84,"column":4},"end":{"line":84,"column":28}},"23":{"start":{"line":84,"column":16},"end":{"line":84,"column":28}},"24":{"start":{"line":86,"column":27},"end":{"line":92,"column":5}},"25":{"start":{"line":94,"column":24},"end":{"line":100,"column":5}},"26":{"start":{"line":102,"column":4},"end":{"line":102,"column":41}},"27":{"start":{"line":103,"column":4},"end":{"line":103,"column":35}},"28":{"start":{"line":104,"column":4},"end":{"line":104,"column":17}},"29":{"start":{"line":108,"column":19},"end":{"line":111,"column":5}},"30":{"start":{"line":112,"column":4},"end":{"line":112,"column":23}},"31":{"start":{"line":116,"column":4},"end":{"line":137,"column":5}},"32":{"start":{"line":117,"column":21},"end":{"line":125,"column":7}},"33":{"start":{"line":126,"column":6},"end":{"line":126,"column":28}},"34":{"start":{"line":128,"column":21},"end":{"line":135,"column":7}},"35":{"start":{"line":136,"column":6},"end":{"line":136,"column":28}},"36":{"start":{"line":141,"column":19},"end":{"line":148,"column":5}},"37":{"start":{"line":149,"column":4},"end":{"line":149,"column":23}},"38":{"start":{"line":153,"column":19},"end":{"line":160,"column":5}},"39":{"start":{"line":161,"column":4},"end":{"line":161,"column":23}},"40":{"start":{"line":165,"column":19},"end":{"line":173,"column":5}},"41":{"start":{"line":174,"column":4},"end":{"line":174,"column":26}},"42":{"start":{"line":178,"column":19},"end":{"line":192,"column":5}},"43":{"start":{"line":193,"column":4},"end":{"line":193,"column":23}},"44":{"start":{"line":197,"column":0},"end":{"line":197,"column":46}}},"fnMap":{"0":{"name":"(anonymous_0)","decl":{"start":{"line":4,"column":2},"end":{"line":4,"column":3}},"loc":{"start":{"line":4,"column":58},"end":{"line":74,"column":3}},"line":4},"1":{"name":"(anonymous_1)","decl":{"start":{"line":76,"column":2},"end":{"line":76,"column":3}},"loc":{"start":{"line":76,"column":17},"end":{"line":79,"column":3}},"line":76},"2":{"name":"(anonymous_2)","decl":{"start":{"line":81,"column":2},"end":{"line":81,"column":3}},"loc":{"start":{"line":81,"column":24},"end":{"line":105,"column":3}},"line":81},"3":{"name":"(anonymous_3)","decl":{"start":{"line":107,"column":2},"end":{"line":107,"column":3}},"loc":{"start":{"line":107,"column":39},"end":{"line":113,"column":3}},"line":107},"4":{"name":"(anonymous_4)","decl":{"start":{"line":115,"column":2},"end":{"line":115,"column":3}},"loc":{"start":{"line":115,"column":53},"end":{"line":138,"column":3}},"line":115},"5":{"name":"(anonymous_5)","decl":{"start":{"line":140,"column":2},"end":{"line":140,"column":3}},"loc":{"start":{"line":140,"column":56},"end":{"line":150,"column":3}},"line":140},"6":{"name":"(anonymous_6)","decl":{"start":{"line":152,"column":2},"end":{"line":152,"column":3}},"loc":{"start":{"line":152,"column":49},"end":{"line":162,"column":3}},"line":152},"7":{"name":"(anonymous_7)","decl":{"start":{"line":164,"column":2},"end":{"line":164,"column":3}},"loc":{"start":{"line":164,"column":37},"end":{"line":175,"column":3}},"line":164},"8":{"name":"(anonymous_8)","decl":{"start":{"line":177,"column":2},"end":{"line":177,"column":3}},"loc":{"start":{"line":177,"column":51},"end":{"line":194,"column":3}},"line":177}},"branchMap":{"0":{"loc":{"start":{"line":4,"column":21},"end":{"line":4,"column":39}},"type":"default-arg","locations":[{"start":{"line":4,"column":37},"end":{"line":4,"column":39}}],"line":4},"1":{"loc":{"start":{"line":4,"column":41},"end":{"line":4,"column":56}},"type":"default-arg","locations":[{"start":{"line":4,"column":54},"end":{"line":4,"column":56}}],"line":4},"2":{"loc":{"start":{"line":84,"column":4},"end":{"line":84,"column":28}},"type":"if","locations":[{"start":{"line":84,"column":4},"end":{"line":84,"column":28}},{"start":{},"end":{}}],"line":84},"3":{"loc":{"start":{"line":115,"column":36},"end":{"line":115,"column":51}},"type":"default-arg","locations":[{"start":{"line":115,"column":47},"end":{"line":115,"column":51}}],"line":115},"4":{"loc":{"start":{"line":116,"column":4},"end":{"line":137,"column":5}},"type":"if","locations":[{"start":{"line":116,"column":4},"end":{"line":137,"column":5}},{"start":{"line":127,"column":11},"end":{"line":137,"column":5}}],"line":116},"5":{"loc":{"start":{"line":164,"column":20},"end":{"line":164,"column":35}},"type":"default-arg","locations":[{"start":{"line":164,"column":31},"end":{"line":164,"column":35}}],"line":164},"6":{"loc":{"start":{"line":172,"column":17},"end":{"line":172,"column":66}},"type":"cond-expr","locations":[{"start":{"line":172,"column":28},"end":{"line":172,"column":41}},{"start":{"line":172,"column":44},"end":{"line":172,"column":66}}],"line":172}},"s":{"0":7,"1":0,"2":0,"3":0,"4":0,"5":0,"6":0,"7":0,"8":0,"9":0,"10":0,"11":0,"12":0,"13":0,"14":0,"15":0,"16":0,"17":0,"18":0,"19":0,"20":0,"21":0,"22":0,"23":0,"24":0,"25":0,"26":0,"27":0,"28":0,"29":0,"30":0,"31":0,"32":0,"33":0,"34":0,"35":0,"36":0,"37":0,"38":0,"39":0,"40":0,"41":0,"42":0,"43":0,"44":7},"f":{"0":0,"1":0,"2":0,"3":0,"4":0,"5":0,"6":0,"7":0,"8":0},"b":{"0":[0],"1":[0],"2":[0,0],"3":[0],"4":[0,0],"5":[0],"6":[0,0]},"_coverageSchema":"1a1c01bbd47fc00a2c39e90264f33305004495a9","hash":"22bb4dde83a392cf89de36d1117b87130e28b32a"}
,"C:\\Users\\KABUM\\Desktop\\Desenvolvimentos\\TechChallengerFiap\\backEnd\\src\\infrastructure\\peca.repository.js": {"path":"C:\\Users\\KABUM\\Desktop\\Desenvolvimentos\\TechChallengerFiap\\backEnd\\src\\infrastructure\\peca.repository.js","statementMap":{"0":{"start":{"line":1,"column":14},"end":{"line":1,"column":46}},"1":{"start":{"line":5,"column":19},"end":{"line":9,"column":5}},"2":{"start":{"line":10,"column":4},"end":{"line":10,"column":26}},"3":{"start":{"line":14,"column":19},"end":{"line":14,"column":58}},"4":{"start":{"line":15,"column":4},"end":{"line":15,"column":23}},"5":{"start":{"line":19,"column":19},"end":{"line":19,"column":78}},"6":{"start":{"line":20,"column":4},"end":{"line":20,"column":26}},"7":{"start":{"line":24,"column":19},"end":{"line":33,"column":5}},"8":{"start":{"line":34,"column":4},"end":{"line":34,"column":26}},"9":{"start":{"line":38,"column":4},"end":{"line":38,"column":62}},"10":{"start":{"line":42,"column":0},"end":{"line":42,"column":38}}},"fnMap":{"0":{"name":"(anonymous_0)","decl":{"start":{"line":4,"column":2},"end":{"line":4,"column":3}},"loc":{"start":{"line":4,"column":20},"end":{"line":11,"column":3}},"line":4},"1":{"name":"(anonymous_1)","decl":{"start":{"line":13,"column":2},"end":{"line":13,"column":3}},"loc":{"start":{"line":13,"column":17},"end":{"line":16,"column":3}},"line":13},"2":{"name":"(anonymous_2)","decl":{"start":{"line":18,"column":2},"end":{"line":18,"column":3}},"loc":{"start":{"line":18,"column":24},"end":{"line":21,"column":3}},"line":18},"3":{"name":"(anonymous_3)","decl":{"start":{"line":23,"column":2},"end":{"line":23,"column":3}},"loc":{"start":{"line":23,"column":28},"end":{"line":35,"column":3}},"line":23},"4":{"name":"(anonymous_4)","decl":{"start":{"line":37,"column":2},"end":{"line":37,"column":3}},"loc":{"start":{"line":37,"column":20},"end":{"line":39,"column":3}},"line":37}},"branchMap":{"0":{"loc":{"start":{"line":32,"column":7},"end":{"line":32,"column":24}},"type":"binary-expr","locations":[{"start":{"line":32,"column":7},"end":{"line":32,"column":16}},{"start":{"line":32,"column":20},"end":{"line":32,"column":24}}],"line":32},"1":{"loc":{"start":{"line":32,"column":26},"end":{"line":32,"column":48}},"type":"binary-expr","locations":[{"start":{"line":32,"column":26},"end":{"line":32,"column":40}},{"start":{"line":32,"column":44},"end":{"line":32,"column":48}}],"line":32},"2":{"loc":{"start":{"line":32,"column":50},"end":{"line":32,"column":68}},"type":"binary-expr","locations":[{"start":{"line":32,"column":50},"end":{"line":32,"column":60}},{"start":{"line":32,"column":64},"end":{"line":32,"column":68}}],"line":32},"3":{"loc":{"start":{"line":32,"column":70},"end":{"line":32,"column":93}},"type":"binary-expr","locations":[{"start":{"line":32,"column":70},"end":{"line":32,"column":85}},{"start":{"line":32,"column":89},"end":{"line":32,"column":93}}],"line":32}},"s":{"0":8,"1":1,"2":0,"3":1,"4":0,"5":2,"6":0,"7":1,"8":0,"9":1,"10":8},"f":{"0":1,"1":1,"2":2,"3":1,"4":1},"b":{"0":[1,1],"1":[1,1],"2":[1,0],"3":[1,0]},"_coverageSchema":"1a1c01bbd47fc00a2c39e90264f33305004495a9","hash":"38149e2caa0082515651bb90e6af1f4c99e0f91b"}
[...]
1},"end":{"line":13,"column":54}},"9":{"start":{"line":14,"column":6},"end":{"line":14,"column":42}},"10":{"start":{"line":16,"column":6},"end":{"line":16,"column":58}},"11":{"start":{"line":21,"column":4},"end":{"line":26,"column":5}},"12":{"start":{"line":22,"column":21},"end":{"line":22,"column":48}},"13":{"start":{"line":23,"column":6},"end":{"line":23,"column":42}},"14":{"start":{"line":25,"column":6},"end":{"line":25,"column":58}},"15":{"start":{"line":30,"column":15},"end":{"line":30,"column":28}},"16":{"start":{"line":31,"column":4},"end":{"line":36,"column":5}},"17":{"start":{"line":32,"column":21},"end":{"line":32,"column":54}},"18":{"start":{"line":33,"column":6},"end":{"line":33,"column":42}},"19":{"start":{"line":35,"column":6},"end":{"line":35,"column":58}},"20":{"start":{"line":40,"column":15},"end":{"line":40,"column":28}},"21":{"start":{"line":41,"column":4},"end":{"line":46,"column":5}},"22":{"start":{"line":42,"column":21},"end":{"line":42,"column":62}},"23":{"start":{"line":43,"column":6},"end":{"line":43,"column":42}},"24":{"start":{"line":45,"column":6},"end":{"line":45,"column":58}},"25":{"start":{"line":50,"column":15},"end":{"line":50,"column":28}},"26":{"start":{"line":51,"column":4},"end":{"line":56,"column":5}},"27":{"start":{"line":52,"column":6},"end":{"line":52,"column":36}},"28":{"start":{"line":53,"column":6},"end":{"line":53,"column":36}},"29":{"start":{"line":55,"column":6},"end":{"line":55,"column":58}},"30":{"start":{"line":60,"column":0},"end":{"line":60,"column":38}}},"fnMap":{"0":{"name":"(anonymous_0)","decl":{"start":{"line":11,"column":2},"end":{"line":11,"column":3}},"loc":{"start":{"line":11,"column":24},"end":{"line":18,"column":3}},"line":11},"1":{"name":"(anonymous_1)","decl":{"start":{"line":20,"column":2},"end":{"line":20,"column":3}},"loc":{"start":{"line":20,"column":25},"end":{"line":27,"column":3}},"line":20},"2":{"name":"(anonymous_2)","decl":{"start":{"line":29,"column":2},"end":{"line":29,"column":3}},"loc":{"start":{"line":29,"column":30},"end":{"line":37,"column":3}},"line":29},"3":{"name":"(anonymous_3)","decl":{"start":{"line":39,"column":2},"end":{"line":39,"column":3}},"loc":{"start":{"line":39,"column":28},"end":{"line":47,"column":3}},"line":39},"4":{"name":"(anonymous_4)","decl":{"start":{"line":49,"column":2},"end":{"line":49,"column":3}},"loc":{"start":{"line":49,"column":26},"end":{"line":57,"column":3}},"line":49}},"branchMap":{},"s":{"0":6,"1":6,"2":6,"3":6,"4":6,"5":6,"6":6,"7":2,"8":2,"9":1,"10":1,"11":1,"12":1,"13":1,"14":0,"15":2,"16":2,"17":2,"18":1,"19":1,"20":1,"21":1,"22":1,"23":1,"24":0,"25":1,"26":1,"27":1,"28":1,"29":0,"30":6},"f":{"0":2,"1":1,"2":2,"3":1,"4":1},"b":{},"_coverageSchema":"1a1c01bbd47fc00a2c39e90264f33305004495a9","hash":"4978a530afb36f4abc2ef489129f1c978b9f4f94"}
,"C:\\Users\\KABUM\\Desktop\\Desenvolvimentos\\TechChallengerFiap\\backEnd\\src\\presentation\\peca.routes.js": {"path":"C:\\Users\\KABUM\\Desktop\\Desenvolvimentos\\TechChallengerFiap\\backEnd\\src\\presentation\\peca.routes.js","statementMap":{"0":{"start":{"line":1,"column":16},"end":{"line":1,"column":34}},"1":{"start":{"line":2,"column":15},"end":{"line":2,"column":31}},"2":{"start":{"line":3,"column":23},"end":{"line":3,"column":63}},"3":{"start":{"line":4,"column":23},"end":{"line":4,"column":51}},"4":{"start":{"line":56,"column":0},"end":{"line":56,"column":84}},"5":{"start":{"line":56,"column":52},"end":{"line":56,"column":82}},"6":{"start":{"line":78,"column":0},"end":{"line":78,"column":84}},"7":{"start":{"line":78,"column":51},"end":{"line":78,"column":82}},"8":{"start":{"line":107,"column":0},"end":{"line":107,"column":93}},"9":{"start":{"line":107,"column":55},"end":{"line":107,"column":91}},"10":{"start":{"line":151,"column":0},"end":{"line":151,"column":91}},"11":{"start":{"line":151,"column":55},"end":{"line":151,"column":89}},"12":{"start":{"line":174,"column":0},"end":{"line":174,"column":92}},"13":{"start":{"line":174,"column":58},"end":{"line":174,"column":90}},"14":{"start":{"line":176,"column":0},"end":{"line":176,"column":24}}},"fnMap":{"0":{"name":"(anonymous_0)","decl":{"start":{"line":56,"column":38},"end":{"line":56,"column":39}},"loc":{"start":{"line":56,"column":52},"end":{"line":56,"column":82}},"line":56},"1":{"name":"(anonymous_1)","decl":{"start":{"line":78,"column":37},"end":{"line":78,"column":38}},"loc":{"start":{"line":78,"column":51},"end":{"line":78,"column":82}},"line":78},"2":{"name":"(anonymous_2)","decl":{"start":{"line":107,"column":41},"end":{"line":107,"column":42}},"loc":{"start":{"line":107,"column":55},"end":{"line":107,"column":91}},"line":107},"3":{"name":"(anonymous_3)","decl":{"start":{"line":151,"column":41},"end":{"line":151,"column":42}},"loc":{"start":{"line":151,"column":55},"end":{"line":151,"column":89}},"line":151},"4":{"name":"(anonymous_4)","decl":{"start":{"line":174,"column":44},"end":{"line":174,"column":45}},"loc":{"start":{"line":174,"column":58},"end":{"line":174,"column":90}},"line":174}},"branchMap":{},"s":{"0":6,"1":6,"2":6,"3":6,"4":6,"5":2,"6":6,"7":1,"8":6,"9":2,"10":6,"11":1,"12":6,"13":1,"14":6},"f":{"0":2,"1":1,"2":2,"3":1,"4":1},"b":{},"_coverageSchema":"1a1c01bbd47fc00a2c39e90264f33305004495a9","hash":"682919035b7ae20abea0d85aae15fa86b5efc562"}
,"C:\\Users\\KABUM\\Desktop\\Desenvolvimentos\\TechChallengerFiap\\backEnd\\src\\presentation\\servico.controller.js": {"path":"C:\\Users\\KABUM\\Desktop\\Desenvolvimentos\\TechChallengerFiap\\backEnd\\src\\presentation\\servico.controller.js","statementMap":{"0":{"start":{"line":1,"column":92},"end":{"line":1,"column":133}},"1":{"start":{"line":2,"column":26},"end":{"line":2,"column":73}},"2":{"start":{"line":4,"column":20},"end":{"line":4,"column":55}},"3":{"start":{"line":5,"column":22},"end":{"line":5,"column":58}},"4":{"start":{"line":6,"column":27},"end":{"line":6,"column":68}},"5":{"start":{"line":7,"column":24},"end":{"line":7,"column":63}},"6":{"start":{"line":8,"column":22},"end":{"line":8,"column":59}},"7":{"start":{"line":12,"column":8},"end":{"line":17,"column":9}},"8":{"start":{"line":13,"column":27},"end":{"line":13,"column":62}},"9":{"start":{"line":14,"column":12},"end":{"line":14,"column":47}},"10":{"start":{"line":16,"column":13},"end":{"line":16,"column":62}},"11":{"start":{"line":21,"column":8},"end":{"line":27,"column":9}},"12":{"start":{"line":22,"column":27},"end":{"line":22,"column":56}},"13":{"start":{"line":23,"column":12},"end":{"line":23,"column":47}},"14":{"start":{"line":25,"column":12},"end":{"line":25,"column":61}},"15":{"start":{"line":31,"column":20},"end":{"line":31,"column":33}},"16":{"start":{"line":32,"column":8},"end":{"line":37,"column":9}},"17":{"start":{"line":33,"column":27},"end":{"line":33,"column":63}},"18":{"start":{"line":34,"column":12},"end":{"line":34,"column":47}},"19":{"start":{"line":36,"column":12},"end":{"line":36,"column":61}},"20":{"start":{"line":41,"column":19},"end":{"line":41,"column":32}},"21":{"start":{"line":42,"column":8},"end":{"line":47,"column":9}},"22":{"start":{"line":43,"column":12},"end":{"line":43,"column":43}},"23":{"start":{"line":44,"column":12},"end":{"line":44,"column":41}},"24":{"start":{"line":46,"column":12},"end":{"line":46,"column":64}},"25":{"start":{"line":52,"column":19},"end":{"line":52,"column":32}},"26":{"start":{"line":53,"column":8},"end":{"line":53,"column":38}},"27":{"start":{"line":54,"column":8},"end":{"line":60,"column":9}},"28":{"start":{"line":55,"column":27},"end":{"line":55,"column":70}},"29":{"start":{"line":56,"column":12},"end":{"line":56,"column":35}},"30":{"start":{"line":58,"column":12},"end":{"line":58,"column":64}},"31":{"start":{"line":65,"column":0},"end":{"line":65,"column":40}}},"fnMap":{"0":{"name":"(anonymous_0)","decl":{"start":{"line":11,"column":4},"end":{"line":11,"column":5}},"loc":{"start":{"line":11,"column":25},"end":{"line":19,"column":5}},"line":11},"1":{"name":"(anonymous_1)","decl":{"start":{"line":20,"column":4},"end":{"line":20,"column":5}},"loc":{"start":{"line":20,"column":26},"end":{"line":28,"column":5}},"line":20},"2":{"name":"(anonymous_2)","decl":{"start":{"line":30,"column":5},"end":{"line":30,"column":6}},"loc":{"start":{"line":30,"column":32},"end":{"line":38,"column":5}},"line":30},"3":{"name":"(anonymous_3)","decl":{"start":{"line":40,"column":5},"end":{"line":40,"column":6}},"loc":{"start":{"line":40,"column":28},"end":{"line":48,"column":6}},"line":40},"4":{"name":"(anonymous_4)","decl":{"start":{"line":51,"column":5},"end":{"line":51,"column":6}},"loc":{"start":{"line":51,"column":30},"end":{"line":61,"column":6}},"line":51}},"branchMap":{},"s":{"0":6,"1":6,"2":6,"3":6,"4":6,"5":6,"6":6,"7":2,"8":2,"9":1,"10":1,"11":1,"12":1,"13":1,"14":0,"15":2,"16":2,"17":2,"18":1,"19":1,"20":1,"21":1,"22":1,"23":1,"24":0,"25":1,"26":1,"27":1,"28":1,"29":1,"30":0,"31":6},"f":{"0":2,"1":1,"2":2,"3":1,"4":1},"b":{},"_coverageSchema":"1a1c01bbd47fc00a2c39e90264f33305004495a9","hash":"d506a1c2c4b5d73740db603d09c1b2edd7b55d7d"}
,"C:\\Users\\KABUM\\Desktop\\Desenvolvimentos\\TechChallengerFiap\\backEnd\\src\\presentation\\servico.routes.js": {"path":"C:\\Users\\KABUM\\Desktop\\Desenvolvimentos\\TechChallengerFiap\\backEnd\\src\\presentation\\servico.routes.js","statementMap":{"0":{"start":{"line":1,"column":16},"end":{"line":1,"column":34}},"1":{"start":{"line":2,"column":15},"end":{"line":2,"column":31}},"2":{"start":{"line":3,"column":23},"end":{"line":3,"column":63}},"3":{"start":{"line":4,"column":26},"end":{"line":4,"column":57}},"4":{"start":{"line":50,"column":0},"end":{"line":50,"column":90}},"5":{"start":{"line":50,"column":55},"end":{"line":50,"column":88}},"6":{"start":{"line":72,"column":0},"end":{"line":72,"column":90}},"7":{"start":{"line":72,"column":54},"end":{"line":72,"column":88}},"8":{"start":{"line":99,"column":0},"end":{"line":99,"column":99}},"9":{"start":{"line":99,"column":58},"end":{"line":99,"column":97}},"10":{"start":{"line":141,"column":0},"end":{"line":141,"column":97}},"11":{"start":{"line":141,"column":58},"end":{"line":141,"column":95}},"12":{"start":{"line":166,"column":0},"end":{"line":166,"column":98}},"13":{"start":{"line":166,"column":61},"end":{"line":166,"column":96}},"14":{"start":{"line":168,"column":0},"end":{"line":168,"column":24}}},"fnMap":{"0":{"name":"(anonymous_0)","decl":{"start":{"line":50,"column":41},"end":{"line":50,"column":42}},"loc":{"start":{"line":50,"column":55},"end":{"line":50,"column":88}},"line":50},"1":{"name":"(anonymous_1)","decl":{"start":{"line":72,"column":40},"end":{"line":72,"column":41}},"loc":{"start":{"line":72,"column":54},"end":{"line":72,"column":88}},"line":72},"2":{"name":"(anonymous_2)","decl":{"start":{"line":99,"column":44},"end":{"line":99,"column":45}},"loc":{"start":{"line":99,"column":58},"end":{"line":99,"column":97}},"line":99},"3":{"name":"(anonymous_3)","decl":{"start":{"line":141,"column":44},"end":{"line":141,"column":45}},"loc":{"start":{"line":141,"column":58},"end":{"line":141,"column":95}},"line":141},"4":{"name":"(anonymous_4)","decl":{"start":{"line":166,"column":47},"end":{"line":166,"column":48}},"loc":{"start":{"line":166,"column":61},"end":{"line":166,"column":96}},"line":166}},"branchMap":{},"s":{"0":6,"1":6,"2":6,"3":6,"4":6,"5":2,"6":6,"7":1,"8":6,"9":2,"10":6,"11":1,"12":6,"13":1,"14":6},"f":{"0":2,"1":1,"2":2,"3":1,"4":1},"b":{},"_coverageSchema":"1a1c01bbd47fc00a2c39e90264f33305004495a9","hash":"4181d6e06741c921f096bd8a6f55120e292c839d"}
,"C:\\Users\\KABUM\\Desktop\\Desenvolvimentos\\TechChallengerFiap\\backEnd\\src\\presentation\\veiculo.controller.js": {"path":"C:\\Users\\KABUM\\Desktop\\Desenvolvimentos\\TechChallengerFiap\\backEnd\\src\\presentation\\veiculo.controller.js","statementMap":{"0":{"start":{"line":1,"column":93},"end":{"line":1,"column":134}},"1":{"start":{"line":2,"column":26},"end":{"line":2,"column":73}},"2":{"start":{"line":4,"column":20},"end":{"line":4,"column":55}},"3":{"start":{"line":5,"column":22},"end":{"line":5,"column":59}},"4":{"start":{"line":6,"column":26},"end":{"line":6,"column":67}},"5":{"start":{"line":7,"column":22},"end":{"line":7,"column":59}},"6":{"start":{"line":8,"column":24},"end":{"line":8,"column":63}},"7":{"start":{"line":14,"column":4},"end":{"line":19,"column":5}},"8":{"start":{"line":15,"column":23},"end":{"line":15,"column":58}},"9":{"start":{"line":16,"column":8},"end":{"line":16,"column":44}},"10":{"start":{"line":18,"column":8},"end":{"line":18,"column":57}},"11":{"start":{"line":23,"column":15},"end":{"line":23,"column":28}},"12":{"start":{"line":24,"column":4},"end":{"line":29,"column":5}},"13":{"start":{"line":25,"column":23},"end":{"line":25,"column":58}},"14":{"start":{"line":26,"column":8},"end":{"line":26,"column":43}},"15":{"start":{"line":28,"column":8},"end":{"line":28,"column":57}},"16":{"start":{"line":33,"column":23},"end":{"line":33,"column":52}},"17":{"start":{"line":34,"column":8},"end":{"line":34,"column":32}},"18":{"start":{"line":39,"column":19},"end":{"line":39,"column":32}},"19":{"start":{"line":40,"column":8},"end":{"line":40,"column":39}},"20":{"start":{"line":41,"column":8},"end":{"line":41,"column":85}},"21":{"start":{"line":45,"column":4},"end":{"line":50,"column":5}},"22":{"start":{"line":46,"column":23},"end":{"line":46,"column":77}},"23":{"start":{"line":47,"column":8},"end":{"line":47,"column":31}},"24":{"start":{"line":49,"column":8},"end":{"line":49,"column":56}},"25":{"start":{"line":54,"column":0},"end":{"line":54,"column":40}}},"fnMap":{"0":{"name":"(anonymous_0)","decl":{"start":{"line":13,"column":0},"end":{"line":13,"column":1}},"loc":{"start":{"line":13,"column":21},"end":{"line":20,"column":1}},"line":13},"1":{"name":"(anonymous_1)","decl":{"start":{"line":22,"column":0},"end":{"line":22,"column":1}},"loc":{"start":{"line":22,"column":27},"end":{"line":30,"column":1}},"line":22},"2":{"name":"(anonymous_2)","decl":{"start":{"line":32,"column":0},"end":{"line":32,"column":1}},"loc":{"start":{"line":32,"column":22},"end":{"line":36,"column":1}},"line":32},"3":{"name":"(anonymous_3)","decl":{"start":{"line":38,"column":0},"end":{"line":38,"column":1}},"loc":{"start":{"line":38,"column":23},"end":{"line":42,"column":1}},"line":38},"4":{"name":"(anonymous_4)","decl":{"start":{"line":44,"column":0},"end":{"line":44,"column":1}},"loc":{"start":{"line":44,"column":25},"end":{"line":51,"column":1}},"line":44}},"branchMap":{},"s":{"0":6,"1":6,"2":6,"3":6,"4":6,"5":6,"6":6,"7":4,"8":4,"9":2,"10":2,"11":4,"12":4,"13":4,"14":2,"15":2,"16":2,"17":2,"18":2,"19":2,"20":2,"21":2,"22":2,"23":2,"24":0,"25":6},"f":{"0":4,"1":4,"2":2,"3":2,"4":2},"b":{},"_coverageSchema":"1a1c01bbd47fc00a2c39e90264f33305004495a9","hash":"3fc5eea9f0b4882bac7e0eb6d46eff884bfe3812"}
,"C:\\Users\\KABUM\\Desktop\\Desenvolvimentos\\TechChallengerFiap\\backEnd\\src\\presentation\\veiculo.routes.js": {"path":"C:\\Users\\KABUM\\Desktop\\Desenvolvimentos\\TechChallengerFiap\\backEnd\\src\\presentation\\veiculo.routes.js","statementMap":{"0":{"start":{"line":1,"column":16},"end":{"line":1,"column":34}},"1":{"start":{"line":2,"column":15},"end":{"line":2,"column":31}},"2":{"start":{"line":3,"column":23},"end":{"line":3,"column":63}},"3":{"start":{"line":4,"column":26},"end":{"line":4,"column":57}},"4":{"start":{"line":60,"column":0},"end":{"line":60,"column":90}},"5":{"start":{"line":60,"column":55},"end":{"line":60,"column":88}},"6":{"start":{"line":82,"column":0},"end":{"line":82,"column":90}},"7":{"start":{"line":82,"column":54},"end":{"line":82,"column":88}},"8":{"start":{"line":111,"column":0},"end":{"line":111,"column":99}},"9":{"start":{"line":111,"column":58},"end":{"line":111,"column":97}},"10":{"start":{"line":157,"column":0},"end":{"line":157,"column":97}},"11":{"start":{"line":157,"column":58},"end":{"line":157,"column":95}},"12":{"start":{"line":180,"column":0},"end":{"line":180,"column":98}},"13":{"start":{"line":180,"column":61},"end":{"line":180,"column":96}},"14":{"start":{"line":182,"column":0},"end":{"line":182,"column":24}}},"fnMap":{"0":{"name":"(anonymous_0)","decl":{"start":{"line":60,"column":41},"end":{"line":60,"column":42}},"loc":{"start":{"line":60,"column":55},"end":{"line":60,"column":88}},"line":60},"1":{"name":"(anonymous_1)","decl":{"start":{"line":82,"column":40},"end":{"line":82,"column":41}},"loc":{"start":{"line":82,"column":54},"end":{"line":82,"column":88}},"line":82},"2":{"name":"(anonymous_2)","decl":{"start":{"line":111,"column":44},"end":{"line":111,"column":45}},"loc":{"start":{"line":111,"column":58},"end":{"line":111,"column":97}},"line":111},"3":{"name":"(anonymous_3)","decl":{"start":{"line":157,"column":44},"end":{"line":157,"column":45}},"loc":{"start":{"line":157,"column":58},"end":{"line":157,"column":95}},"line":157},"4":{"name":"(anonymous_4)","decl":{"start":{"line":180,"column":47},"end":{"line":180,"column":48}},"loc":{"start":{"line":180,"column":61},"end":{"line":180,"column":96}},"line":180}},"branchMap":{},"s":{"0":6,"1":6,"2":6,"3":6,"4":6,"5":4,"6":6,"7":2,"8":6,"9":4,"10":6,"11":2,"12":6,"13":2,"14":6},"f":{"0":4,"1":2,"2":4,"3":2,"4":2},"b":{},"_coverageSchema":"1a1c01bbd47fc00a2c39e90264f33305004495a9","hash":"1d0406615cbfd2daca4928e3ddb4a8656ac8b659"}
,"C:\\Users\\KABUM\\Desktop\\Desenvolvimentos\\TechChallengerFiap\\backEnd\\src\\presentation\\middlewares\\auth.middleware.js": {"path":"C:\\Users\\KABUM\\Desktop\\Desenvolvimentos\\TechChallengerFiap\\backEnd\\src\\presentation\\middlewares\\auth.middleware.js","statementMap":{"0":{"start":{"line":1,"column":12},"end":{"line":1,"column":35}},"1":{"start":{"line":4,"column":21},"end":{"line":4,"column":46}},"2":{"start":{"line":6,"column":2},"end":{"line":8,"column":3}},"3":{"start":{"line":7,"column":4},"end":{"line":7,"column":66}},"4":{"start":{"line":11,"column":16},"end":{"line":11,"column":37}},"5":{"start":{"line":12,"column":2},"end":{"line":14,"column":3}},"6":{"start":{"line":13,"column":4},"end":{"line":13,"column":71}},"7":{"start":{"line":16,"column":26},"end":{"line":16,"column":31}},"8":{"start":{"line":18,"column":2},"end":{"line":20,"column":3}},"9":{"start":{"line":19,"column":4},"end":{"line":19,"column":65}},"10":{"start":{"line":23,"column":2},"end":{"line":29,"column":5}},"11":{"start":{"line":24,"column":4},"end":{"line":24,"column":82}},"12":{"start":{"line":24,"column":13},"end":{"line":24,"column":82}},"13":{"start":{"line":27,"column":4},"end":{"line":27,"column":31}},"14":{"start":{"line":28,"column":4},"end":{"line":28,"column":18}},"15":{"start":{"line":32,"column":0},"end":{"line":32,"column":32}}},"fnMap":{"0":{"name":"authMiddleware","decl":{"start":{"line":3,"column":9},"end":{"line":3,"column":23}},"loc":{"start":{"line":3,"column":40},"end":{"line":30,"column":1}},"line":3},"1":{"name":"(anonymous_1)","decl":{"start":{"line":23,"column":44},"end":{"line":23,"column":45}},"loc":{"start":{"line":23,"column":62},"end":{"line":29,"column":3}},"line":23}},"branchMap":{"0":{"loc":{"start":{"line":6,"column":2},"end":{"line":8,"column":3}},"type":"if","locations":[{"start":{"line":6,"column":2},"end":{"line":8,"column":3}},{"start":{},"end":{}}],"line":6},"1":{"loc":{"start":{"line":12,"column":2},"end":{"line":14,"column":3}},"type":"if","locations":[{"start":{"line":12,"column":2},"end":{"line":14,"column":3}},{"start":{},"end":{}}],"line":12},"2":{"loc":{"start":{"line":18,"column":2},"end":{"line":20,"column":3}},"type":"if","locations":[{"start":{"line":18,"column":2},"end":{"line":20,"column":3}},{"start":{},"end":{}}],"line":18},"3":{"loc":{"start":{"line":24,"column":4},"end":{"line":24,"column":82}},"type":"if","locations":[{"start":{"line":24,"column":4},"end":{"line":24,"column":82}},{"start":{},"end":{}}],"line":24}},"s":{"0":6,"1":40,"2":40,"3":5,"4":35,"5":35,"6":0,"7":35,"8":35,"9":0,"10":35,"11":35,"12":0,"13":35,"14":35,"15":6},"f":{"0":40,"1":35},"b":{"0":[5,35],"1":[0,35],"2":[0,35],"3":[0,35]},"_coverageSchema":"1a1c01bbd47fc00a2c39e90264f33305004495a9","hash":"5228b7e5c4f8926002d14f949feaea45a4aab211"}
}
