TN:
SF:src\server.js
FN:29,(anonymous_0)
FNF:1
FNH:0
FNDA:0,(anonymous_0)
DA:1,6
DA:2,6
DA:3,6
DA:4,6
DA:5,6
DA:7,6
DA:10,6
DA:12,6
DA:13,6
DA:14,6
DA:15,6
DA:16,6
DA:17,6
DA:19,6
DA:20,6
DA:21,6
DA:22,6
DA:23,6
DA:24,6
DA:26,6
DA:28,6
DA:29,0
DA:30,0
DA:31,0
LF:24
LH:21
BRDA:28,0,0,0
BRDA:28,0,1,6
BRF:2
BRH:1
end_of_record
TN:
SF:src\swagger.config.js
FNF:0
FNH:0
DA:1,6
DA:3,6
DA:129,6
DA:130,6
LF:4
LH:4
BRF:0
BRH:0
end_of_record
TN:
SF:src\application\auth.service.js
FN:5,(anonymous_0)
FNF:1
FNH:1
FNDA:8,(anonymous_0)
DA:1,7
DA:2,7
DA:6,8
DA:9,8
DA:10,3
DA:13,5
DA:19,5
DA:23,7
LF:8
LH:8
BRDA:9,0,0,3
BRDA:9,0,1,5
BRDA:9,1,0,8
BRDA:9,1,1,6
BRF:4
BRH:4
end_of_record
TN:
SF:src\application\cliente.service.js
FN:4,(anonymous_0)
FN:8,(anonymous_1)
FN:17,(anonymous_2)
FN:20,(anonymous_3)
FN:33,(anonymous_4)
FN:36,(anonymous_5)
FN:43,(anonymous_6)
FN:48,(anonymous_7)
FN:55,(anonymous_8)
FN:58,(anonymous_9)
FNF:10
FNH:10
FNDA:8,(anonymous_0)
FNDA:4,(anonymous_1)
FNDA:8,(anonymous_2)
FNDA:4,(anonymous_3)
FNDA:7,(anonymous_4)
FNDA:2,(anonymous_5)
FNDA:7,(anonymous_6)
FNDA:2,(anonymous_7)
FNDA:7,(anonymous_8)
FNDA:2,(anonymous_9)
DA:1,7
DA:5,8
DA:6,8
DA:9,4
DA:11,2
DA:18,8
DA:21,4
DA:23,4
DA:24,2
DA:27,2
DA:34,7
DA:37,2
DA:44,7
DA:45,7
DA:49,2
DA:56,7
DA:59,2
DA:63,7
LF:18
LH:18
BRDA:23,0,0,2
BRDA:23,0,1,2
BRF:2
BRH:2
end_of_record
TN:
SF:src\application\notification.service.js
FN:11,(anonymous_0)
FN:22,(anonymous_1)
FN:37,(anonymous_2)
FN:43,(anonymous_3)
FNF:4
FNH:0
FNDA:0,(anonymous_0)
FNDA:0,(anonymous_1)
FNDA:0,(anonymous_2)
FNDA:0,(anonymous_3)
DA:13,0
DA:14,0
DA:15,0
DA:16,0
DA:17,0
DA:18,0
DA:19,0
DA:22,0
DA:24,0
DA:38,0
DA:39,0
DA:40,0
DA:41,0
DA:43,0
DA:45,0
DA:53,6
LF:16
LH:1
BRF:0
BRH:0
end_of_record
TN:
SF:src\application\ordemServico.service.js
FN:6,(anonymous_0)
FN:20,(anonymous_1)
FN:44,(anonymous_2)
FN:65,(anonymous_3)
FN:89,(anonymous_4)
FN:122,(anonymous_5)
FN:123,(anonymous_6)
FN:138,(anonymous_7)
FN:142,(anonymous_8)
FN:148,(anonymous_9)
FN:152,(anonymous_10)
FN:162,(anonymous_11)
FN:167,(anonymous_12)
FN:177,(anonymous_13)
FN:181,(anonymous_14)
FN:191,(anonymous_15)
FN:196,(anonymous_16)
FN:212,(anonymous_17)
FN:217,(anonymous_18)
FN:272,(anonymous_19)
FN:276,(anonymous_20)
FN:289,(anonymous_21)
FNF:22
FNH:8
FNDA:6,(anonymous_0)
FNDA:0,(anonymous_1)
FNDA:0,(anonymous_2)
FNDA:0,(anonymous_3)
FNDA:0,(anonymous_4)
FNDA:0,(anonymous_5)
FNDA:0,(anonymous_6)
FNDA:6,(anonymous_7)
FNDA:0,(anonymous_8)
FNDA:6,(anonymous_9)
FNDA:0,(anonymous_10)
FNDA:6,(anonymous_11)
FNDA:0,(anonymous_12)
FNDA:6,(anonymous_13)
FNDA:0,(anonymous_14)
FNDA:6,(anonymous_15)
FNDA:0,(anonymous_16)
FNDA:6,(anonymous_17)
FNDA:0,(anonymous_18)
FNDA:6,(anonymous_19)
FNDA:0,(anonymous_20)
FNDA:0,(anonymous_21)
DA:1,6
DA:2,6
DA:3,6
DA:13,6
DA:14,6
DA:15,6
DA:16,6
DA:17,6
DA:21,0
DA:23,0
DA:24,0
DA:27,0
DA:28,0
DA:29,0
DA:32,0
DA:33,0
DA:37,0
DA:38,0
DA:40,0
DA:44,0
DA:45,0
DA:46,0
DA:49,0
DA:50,0
DA:51,0
DA:52,0
DA:53,0
DA:54,0
DA:57,0
DA:58,0
DA:59,0
DA:61,0
DA:64,0
DA:66,0
DA:67,0
DA:70,0
DA:71,0
DA:72,0
DA:75,0
DA:77,0
DA:88,0
DA:90,0
DA:91,0
DA:94,0
DA:95,0
DA:96,0
DA:99,0
DA:100,0
DA:101,0
DA:104,0
DA:105,0
DA:108,0
DA:110,0
DA:122,0
DA:123,0
DA:125,0
DA:133,0
DA:139,6
DA:143,0
DA:149,6
DA:153,0
DA:154,0
DA:155,0
DA:157,0
DA:163,6
DA:164,6
DA:168,0
DA:169,0
DA:170,0
DA:172,0
DA:178,6
DA:182,0
DA:183,0
DA:186,0
DA:192,6
DA:193,6
DA:197,0
DA:200,0
DA:202,0
DA:204,0
DA:207,0
DA:213,6
DA:214,6
DA:219,0
DA:221,0
DA:222,0
DA:223,0
DA:226,0
DA:228,0
DA:229,0
DA:233,0
DA:236,0
DA:237,0
DA:239,0
DA:240,0
DA:242,0
DA:246,0
DA:247,0
DA:249,0
DA:251,0
DA:255,0
DA:256,0
DA:258,0
DA:259,0
DA:261,0
DA:263,0
DA:267,0
DA:273,6
DA:277,0
DA:279,0
DA:280,0
DA:289,0
DA:303,0
DA:305,0
DA:314,6
LF:115
LH:19
BRDA:21,0,0,0
BRDA:21,1,0,0
BRDA:23,2,0,0
BRDA:23,2,1,0
BRDA:23,3,0,0
BRDA:23,3,1,0
BRDA:28,4,0,0
BRDA:28,4,1,0
BRDA:32,5,0,0
BRDA:32,5,1,0
BRDA:32,6,0,0
BRDA:32,6,1,0
BRDA:38,7,0,0
BRDA:38,7,1,0
BRDA:45,8,0,0
BRDA:45,8,1,0
BRDA:51,9,0,0
BRDA:51,9,1,0
BRDA:51,10,0,0
BRDA:51,10,1,0
BRDA:53,11,0,0
BRDA:53,11,1,0
BRDA:53,12,0,0
BRDA:53,12,1,0
BRDA:58,13,0,0
BRDA:58,13,1,0
BRDA:66,14,0,0
BRDA:66,14,1,0
BRDA:71,15,0,0
BRDA:71,15,1,0
BRDA:90,16,0,0
BRDA:90,16,1,0
BRDA:95,17,0,0
BRDA:95,17,1,0
BRDA:99,18,0,0
BRDA:99,18,1,0
BRDA:100,19,0,0
BRDA:100,19,1,0
BRDA:104,20,0,0
BRDA:104,20,1,0
BRDA:154,21,0,0
BRDA:154,21,1,0
BRDA:169,22,0,0
BRDA:169,22,1,0
BRDA:182,23,0,0
BRDA:182,23,1,0
BRDA:202,24,0,0
BRDA:202,24,1,0
BRDA:222,25,0,0
BRDA:222,25,1,0
BRDA:228,26,0,0
BRDA:228,26,1,0
BRDA:236,27,0,0
BRDA:236,27,1,0
BRDA:236,28,0,0
BRDA:236,28,1,0
BRDA:255,29,0,0
BRDA:255,29,1,0
BRDA:255,30,0,0
BRDA:255,30,1,0
BRDA:279,31,0,0
BRDA:279,31,1,0
BRDA:279,32,0,0
BRDA:279,32,1,0
BRDA:300,33,0,0
BRDA:300,33,1,0
BRDA:303,34,0,0
BRDA:303,34,1,0
BRF:68
BRH:0
end_of_record
TN:
SF:src\application\peca.service.js
FN:4,(anonymous_0)
FN:8,(anonymous_1)
FN:15,(anonymous_2)
FN:19,(anonymous_3)
FN:25,(anonymous_4)
FN:29,(anonymous_5)
FN:39,(anonymous_6)
FN:43,(anonymous_7)
FN:53,(anonymous_8)
FN:57,(anonymous_9)
FNF:10
FNH:10
FNDA:8,(anonymous_0)
FNDA:4,(anonymous_1)
FNDA:7,(anonymous_2)
FNDA:2,(anonymous_3)
FNDA:8,(anonymous_4)
FNDA:4,(anonymous_5)
FNDA:8,(anonymous_6)
FNDA:3,(anonymous_7)
FNDA:7,(anonymous_8)
FNDA:2,(anonymous_9)
DA:1,7
DA:5,8
DA:9,4
DA:10,2
DA:16,7
DA:20,2
DA:26,8
DA:30,4
DA:31,3
DA:32,1
DA:34,2
DA:40,8
DA:44,3
DA:45,3
DA:46,1
DA:48,2
DA:54,7
DA:58,2
DA:62,7
LF:19
LH:19
BRDA:31,0,0,1
BRDA:31,0,1,2
BRDA:45,1,0,1
BRDA:45,1,1,2
BRF:4
BRH:4
end_of_record
TN:
SF:src\application\servico.service.js
FN:4,(anonymous_0)
FN:10,(anonymous_1)
FN:18,(anonymous_2)
FN:21,(anonymous_3)
FN:29,(anonymous_4)
FN:32,(anonymous_5)
FN:41,(anonymous_6)
FN:44,(anonymous_7)
FN:52,(anonymous_8)
FN:56,(anonymous_9)
FNF:10
FNH:10
FNDA:8,(anonymous_0)
FNDA:4,(anonymous_1)
FNDA:7,(anonymous_2)
FNDA:2,(anonymous_3)
FNDA:8,(anonymous_4)
FNDA:4,(anonymous_5)
FNDA:7,(anonymous_6)
FNDA:2,(anonymous_7)
FNDA:8,(anonymous_8)
FNDA:3,(anonymous_9)
DA:1,7
DA:6,8
DA:11,4
DA:12,2
DA:19,7
DA:22,2
DA:30,8
DA:33,4
DA:34,3
DA:35,2
DA:42,7
DA:45,2
DA:46,2
DA:53,8
DA:57,3
DA:58,3
DA:59,2
DA:64,7
LF:18
LH:18
BRDA:34,0,0,1
BRDA:34,0,1,2
BRDA:58,1,0,1
BRDA:58,1,1,2
BRF:4
BRH:4
end_of_record
TN:
SF:src\application\veiculo.service.js
FN:4,(anonymous_0)
FN:8,(anonymous_1)
FN:21,(anonymous_2)
FN:25,(anonymous_3)
FN:32,(anonymous_4)
FN:36,(anonymous_5)
FN:47,(anonymous_6)
FN:51,(anonymous_7)
FN:57,(anonymous_8)
FN:60,(anonymous_9)
FNF:10
FNH:10
FNDA:9,(anonymous_0)
FNDA:7,(anonymous_1)
FNDA:7,(anonymous_2)
FNDA:3,(anonymous_3)
FNDA:8,(anonymous_4)
FNDA:6,(anonymous_5)
FNDA:7,(anonymous_6)
FNDA:3,(anonymous_7)
FNDA:7,(anonymous_8)
FNDA:3,(anonymous_9)
DA:1,7
DA:5,9
DA:9,7
DA:11,4
DA:12,4
DA:13,1
DA:16,3
DA:22,7
DA:26,3
DA:33,8
DA:37,6
DA:38,6
DA:40,3
DA:48,7
DA:52,3
DA:58,7
DA:61,3
DA:65,7
LF:18
LH:18
BRDA:12,0,0,1
BRDA:12,0,1,3
BRDA:38,1,0,3
BRDA:38,1,1,3
BRF:4
BRH:4
end_of_record
TN:
SF:src\domain\cliente.js
FN:2,(anonymous_0)
FN:13,(anonymous_1)
FNF:2
FNH:2
FNDA:9,(anonymous_0)
FNDA:9,(anonymous_1)
DA:3,9
DA:4,9
DA:5,9
DA:6,9
DA:7,9
DA:8,9
DA:10,9
DA:14,9
DA:15,9
DA:16,7
DA:17,6
DA:18,5
DA:19,2
DA:21,3
DA:28,8
LF:15
LH:15
BRDA:14,0,0,9
BRDA:14,0,1,0
BRDA:15,1,0,2
BRDA:15,1,1,7
BRDA:16,2,0,1
BRDA:16,2,1,6
BRDA:17,3,0,1
BRDA:17,3,1,5
BRDA:17,4,0,6
BRDA:17,4,1,3
BRDA:18,5,0,2
BRDA:18,5,1,3
BRF:12
BRH:11
end_of_record
TN:
SF:src\domain\ordemServico.js
FN:2,(anonymous_0)
FN:28,(anonymous_1)
FNF:2
FNH:2
FNDA:14,(anonymous_0)
FNDA:14,(anonymous_1)
DA:14,14
DA:15,14
DA:16,14
DA:17,14
DA:18,14
DA:19,14
DA:20,14
DA:21,14
DA:22,14
DA:23,14
DA:25,14
DA:29,14
DA:38,14
DA:39,13
DA:40,12
DA:41,11
DA:42,10
DA:43,9
DA:47,7
LF:19
LH:19
BRDA:6,0,0,12
BRDA:7,1,0,12
BRDA:8,2,0,12
BRDA:9,3,0,6
BRDA:10,4,0,13
BRDA:38,5,0,1
BRDA:38,5,1,13
BRDA:39,6,0,1
BRDA:39,6,1,12
BRDA:40,7,0,1
BRDA:40,7,1,11
BRDA:41,8,0,1
BRDA:41,8,1,10
BRDA:42,9,0,1
BRDA:42,9,1,9
BRDA:42,10,0,10
BRDA:42,10,1,10
BRDA:43,11,0,1
BRDA:43,11,1,8
BRF:19
BRH:19
end_of_record
TN:
SF:src\domain\peca.js
FN:2,(anonymous_0)
FN:10,(anonymous_1)
FNF:2
FNH:2
FNDA:6,(anonymous_0)
FNDA:6,(anonymous_1)
DA:3,6
DA:4,6
DA:5,6
DA:6,6
DA:7,6
DA:8,6
DA:11,6
DA:12,4
DA:13,3
DA:17,8
LF:10
LH:10
BRDA:11,0,0,2
BRDA:11,0,1,4
BRDA:12,1,0,1
BRDA:12,1,1,3
BRDA:13,2,0,1
BRDA:13,2,1,2
BRF:6
BRH:6
end_of_record
TN:
SF:src\domain\servico.js
FN:2,(anonymous_0)
FN:11,(anonymous_1)
FNF:2
FNH:2
FNDA:6,(anonymous_0)
FNDA:6,(anonymous_1)
DA:3,6
DA:4,6
DA:5,6
DA:6,6
DA:8,6
DA:12,6
DA:13,4
DA:14,3
DA:19,8
LF:9
LH:9
BRDA:12,0,0,2
BRDA:12,0,1,4
BRDA:13,1,0,1
BRDA:13,1,1,3
BRDA:14,2,0,1
BRDA:14,2,1,2
BRF:6
BRH:6
end_of_record
TN:
SF:src\domain\statusTransition.js
FN:16,(anonymous_0)
FN:30,(anonymous_1)
FN:34,(anonymous_2)
FN:39,(anonymous_3)
FNF:4
FNH:0
FNDA:0,(anonymous_0)
FNDA:0,(anonymous_1)
FNDA:0,(anonymous_2)
FNDA:0,(anonymous_3)
DA:6,6
DA:17,0
DA:19,0
DA:20,0
DA:23,0
DA:24,0
DA:27,0
DA:31,0
DA:35,0
DA:36,0
DA:40,0
DA:44,6
LF:12
LH:2
BRDA:19,0,0,0
BRDA:19,0,1,0
BRDA:23,1,0,0
BRDA:23,1,1,0
BRDA:36,2,0,0
BRDA:36,2,1,0
BRF:6
BRH:0
end_of_record
TN:
SF:src\domain\veiculo.js
FN:2,(anonymous_0)
FN:12,(anonymous_1)
FN:21,(anonymous_2)
FNF:3
FNH:3
FNDA:9,(anonymous_0)
FNDA:9,(anonymous_1)
FNDA:3,(anonymous_2)
DA:3,9
DA:4,9
DA:5,9
DA:6,9
DA:7,9
DA:9,9
DA:13,9
DA:14,8
DA:15,7
DA:16,6
DA:18,3
DA:23,3
DA:25,3
DA:26,3
DA:28,3
DA:29,0
DA:35,3
DA:39,8
LF:18
LH:17
BRDA:13,0,0,1
BRDA:13,0,1,8
BRDA:14,1,0,1
BRDA:14,1,1,7
BRDA:15,2,0,1
BRDA:15,2,1,6
BRDA:16,3,0,3
BRDA:16,3,1,3
BRDA:28,4,0,0
BRDA:28,4,1,3
BRDA:28,5,0,3
BRDA:28,5,1,0
BRF:12
BRH:10
end_of_record
TN:
SF:src\infrastructure\auth.repository.js
FN:4,(anonymous_0)
FN:13,(anonymous_1)
FNF:2
FNH:1
FNDA:0,(anonymous_0)
FNDA:8,(anonymous_1)
DA:1,7
DA:5,0
DA:6,0
DA:10,0
DA:15,8
DA:16,6
DA:24,2
DA:28,7
LF:8
LH:5
BRDA:15,0,0,6
BRDA:15,0,1,2
BRF:2
BRH:2
end_of_record
TN:
SF:src\infrastructure\cliente.repository.js
FN:4,(anonymous_0)
FN:14,(anonymous_1)
FN:23,(anonymous_2)
FN:32,(anonymous_3)
FN:37,(anonymous_4)
FN:53,(anonymous_5)
FNF:6
FNH:5
FNDA:2,(anonymous_0)
FNDA:2,(anonymous_1)
FNDA:0,(anonymous_2)
FNDA:1,(anonymous_3)
FNDA:1,(anonymous_4)
FNDA:2,(anonymous_5)
DA:1,8
DA:5,2
DA:11,0
DA:15,2
DA:20,0
DA:24,0
DA:29,0
DA:33,1
DA:34,0
DA:38,1
DA:50,0
DA:54,2
DA:65,8
LF:13
LH:7
BRDA:47,0,0,1
BRDA:47,0,1,0
BRDA:47,1,0,1
BRDA:47,1,1,1
BRDA:47,2,0,1
BRDA:47,2,1,1
BRDA:47,3,0,1
BRDA:47,3,1,1
BRDA:47,4,0,1
BRDA:47,4,1,1
BRF:10
BRH:9
end_of_record
TN:
SF:src\infrastructure\ordemServico.repository.js
FN:4,(anonymous_0)
FN:76,(anonymous_1)
FN:81,(anonymous_2)
FN:107,(anonymous_3)
FN:115,(anonymous_4)
FN:140,(anonymous_5)
FN:152,(anonymous_6)
FN:164,(anonymous_7)
FN:177,(anonymous_8)
FNF:9
FNH:0
FNDA:0,(anonymous_0)
FNDA:0,(anonymous_1)
FNDA:0,(anonymous_2)
FNDA:0,(anonymous_3)
FNDA:0,(anonymous_4)
FNDA:0,(anonymous_5)
FNDA:0,(anonymous_6)
FNDA:0,(anonymous_7)
FNDA:0,(anonymous_8)
DA:1,7
DA:5,0
DA:7,0
DA:8,0
DA:10,0
DA:24,0
DA:26,0
DA:27,0
DA:41,0
DA:42,0
DA:55,0
DA:63,0
DA:65,0
DA:66,0
DA:67,0
DA:69,0
DA:70,0
DA:72,0
DA:77,0
DA:78,0
DA:82,0
DA:83,0
DA:84,0
DA:86,0
DA:94,0
DA:102,0
DA:103,0
DA:104,0
DA:108,0
DA:112,0
DA:116,0
DA:117,0
DA:126,0
DA:128,0
DA:136,0
DA:141,0
DA:149,0
DA:153,0
DA:161,0
DA:165,0
DA:174,0
DA:178,0
DA:193,0
DA:197,7
LF:44
LH:2
BRDA:4,0,0,0
BRDA:4,1,0,0
BRDA:84,2,0,0
BRDA:84,2,1,0
BRDA:115,3,0,0
BRDA:116,4,0,0
BRDA:116,4,1,0
BRDA:164,5,0,0
BRDA:172,6,0,0
BRDA:172,6,1,0
BRF:10
BRH:0
end_of_record
TN:
SF:src\infrastructure\peca.repository.js
FN:4,(anonymous_0)
FN:13,(anonymous_1)
FN:18,(anonymous_2)
FN:23,(anonymous_3)
FN:37,(anonymous_4)
FNF:5
FNH:5
FNDA:1,(anonymous_0)
FNDA:1,(anonymous_1)
FNDA:2,(anonymous_2)
FNDA:1,(anonymous_3)
FNDA:1,(anonymous_4)
DA:1,8
DA:5,1
DA:10,0
DA:14,1
DA:15,0
DA:19,2
DA:20,0
DA:24,1
DA:34,0
DA:38,1
DA:42,8
LF:11
LH:7
BRDA:32,0,0,1
BRDA:32,0,1,1
BRDA:32,1,0,1
BRDA:32,1,1,1
BRDA:32,2,0,1
BRDA:32,2,1,0
BRDA:32,3,0,1
BRDA:32,3,1,0
BRF:8
BRH:6
end_of_record
TN:
SF:src\infrastructure\servico.repository.js
FN:6,(anonymous_0)
FN:15,(anonymous_1)
FN:20,(anonymous_2)
FN:25,(anonymous_3)
FN:30,(anonymous_4)
FNF:5
FNH:5
FNDA:1,(anonymous_0)
FNDA:1,(anonymous_1)
FNDA:2,(anonymous_2)
FNDA:1,(anonymous_3)
FNDA:1,(anonymous_4)
DA:1,8
DA:7,1
DA:12,0
DA:16,1
DA:17,0
DA:21,2
DA:22,0
DA:26,1
DA:27,0
DA:31,1
DA:40,0
DA:41,0
DA:47,8
LF:13
LH:7
BRDA:39,0,0,1
BRDA:39,0,1,0
BRDA:39,1,0,1
BRDA:39,1,1,1
BRDA:39,2,0,1
BRDA:39,2,1,0
BRF:6
BRH:4
end_of_record
TN:
SF:src\infrastructure\veiculo.repository.js
FN:4,(anonymous_0)
FN:13,(anonymous_1)
FN:22,(anonymous_2)
FN:31,(anonymous_3)
FN:36,(anonymous_4)
FN:40,(anonymous_5)
FNF:6
FNH:0
FNDA:0,(anonymous_0)
FNDA:0,(anonymous_1)
FNDA:0,(anonymous_2)
FNDA:0,(anonymous_3)
FNDA:0,(anonymous_4)
FNDA:0,(anonymous_5)
DA:1,8
DA:5,0
DA:10,0
DA:14,0
DA:19,0
DA:23,0
DA:28,0
DA:32,0
DA:33,0
DA:37,0
DA:41,0
DA:52,0
DA:62,8
LF:13
LH:2
BRDA:49,0,0,0
BRDA:49,0,1,0
BRDA:49,1,0,0
BRDA:49,1,1,0
BRDA:49,2,0,0
BRDA:49,2,1,0
BRDA:49,3,0,0
BRDA:49,3,1,0
BRF:8
BRH:0
end_of_record
TN:
SF:src\infrastructure\database\connection.js
FNF:0
FNH:0
DA:1,17
DA:3,17
DA:11,17
LF:3
LH:3
BRF:0
BRH:0
end_of_record
TN:
SF:src\infrastructure\utils\cpf-validator.js
FN:5,(anonymous_0)
FN:13,(anonymous_1)
FNF:2
FNH:2
FNDA:10,(anonymous_0)
FNDA:6,(anonymous_1)
DA:1,8
DA:6,10
DA:7,6
DA:10,2
DA:14,6
DA:15,6
DA:16,4
DA:17,2
DA:21,8
LF:9
LH:9
BRDA:6,0,0,4
BRDA:6,0,1,6
BRDA:7,1,0,4
BRDA:7,1,1,2
BRDA:15,2,0,2
BRDA:15,2,1,4
BRDA:16,3,0,2
BRDA:16,3,1,2
BRF:8
BRH:8
end_of_record
TN:
SF:src\presentation\auth.controller.js
FN:4,(anonymous_0)
FNF:1
FNH:1
FNDA:4,(anonymous_0)
DA:1,6
DA:5,4
DA:6,4
DA:7,4
DA:8,3
DA:10,1
DA:15,6
LF:7
LH:7
BRF:0
BRH:0
end_of_record
TN:
SF:src\presentation\auth.routes.js
FN:50,(anonymous_0)
FNF:1
FNH:1
FNDA:4,(anonymous_0)
DA:1,6
DA:2,6
DA:3,6
DA:50,6
DA:52,6
LF:5
LH:5
BRF:0
BRH:0
end_of_record
TN:
SF:src\presentation\cliente.controller.js
FN:16,(anonymous_0)
FN:25,(anonymous_1)
FN:34,(anonymous_2)
FN:40,(anonymous_3)
FN:49,(anonymous_4)
FNF:5
FNH:5
FNDA:2,(anonymous_0)
FNDA:2,(anonymous_1)
FNDA:1,(anonymous_2)
FNDA:1,(anonymous_3)
FNDA:1,(anonymous_4)
DA:1,6
DA:2,6
DA:3,6
DA:6,6
DA:7,6
DA:8,6
DA:9,6
DA:10,6
DA:11,6
DA:17,2
DA:18,2
DA:19,1
DA:21,1
DA:26,2
DA:27,2
DA:28,1
DA:30,1
DA:35,1
DA:36,1
DA:41,1
DA:42,1
DA:43,1
DA:45,0
DA:50,1
DA:51,1
DA:55,6
LF:26
LH:25
BRF:0
BRH:0
end_of_record
TN:
SF:src\presentation\cliente.routes.js
FN:61,(anonymous_0)
FN:83,(anonymous_1)
FN:112,(anonymous_2)
FN:158,(anonymous_3)
FN:181,(anonymous_4)
FNF:5
FNH:5
FNDA:2,(anonymous_0)
FNDA:1,(anonymous_1)
FNDA:2,(anonymous_2)
FNDA:1,(anonymous_3)
FNDA:1,(anonymous_4)
DA:1,6
DA:2,6
DA:3,6
DA:4,6
DA:61,6
DA:83,6
DA:112,6
DA:158,6
DA:181,6
DA:183,6
LF:10
LH:10
BRF:0
BRH:0
end_of_record
TN:
SF:src\presentation\ordemServico.controller.js
FN:34,(anonymous_0)
FN:43,(anonymous_1)
FN:52,(anonymous_2)
FN:62,(anonymous_3)
FN:72,(anonymous_4)
FN:83,(anonymous_5)
FN:93,(anonymous_6)
FN:103,(anonymous_7)
FNF:8
FNH:0
FNDA:0,(anonymous_0)
FNDA:0,(anonymous_1)
FNDA:0,(anonymous_2)
FNDA:0,(anonymous_3)
FNDA:0,(anonymous_4)
FNDA:0,(anonymous_5)
FNDA:0,(anonymous_6)
FNDA:0,(anonymous_7)
DA:10,6
DA:12,6
DA:13,6
DA:14,6
DA:15,6
DA:16,6
DA:18,6
DA:25,6
DA:26,6
DA:27,6
DA:28,6
DA:29,6
DA:30,6
DA:31,6
DA:35,0
DA:36,0
DA:37,0
DA:39,0
DA:44,0
DA:45,0
DA:46,0
DA:48,0
DA:53,0
DA:54,0
DA:55,0
DA:56,0
DA:58,0
DA:63,0
DA:64,0
DA:65,0
DA:66,0
DA:68,0
DA:73,0
DA:74,0
DA:75,0
DA:76,0
DA:77,0
DA:79,0
DA:84,0
DA:85,0
DA:86,0
DA:87,0
DA:89,0
DA:94,0
DA:95,0
DA:96,0
DA:97,0
DA:99,0
DA:104,0
DA:105,0
DA:106,0
DA:107,0
DA:109,0
DA:114,6
LF:54
LH:15
BRF:0
BRH:0
end_of_record
TN:
SF:src\presentation\ordemServico.routes.js
FN:78,(anonymous_0)
FN:100,(anonymous_1)
FN:132,(anonymous_2)
FN:161,(anonymous_3)
FN:186,(anonymous_4)
FN:209,(anonymous_5)
FN:251,(anonymous_6)
FN:280,(anonymous_7)
FN:309,(anonymous_8)
FNF:9
FNH:0
FNDA:0,(anonymous_0)
FNDA:0,(anonymous_1)
FNDA:0,(anonymous_2)
FNDA:0,(anonymous_3)
FNDA:0,(anonymous_4)
FNDA:0,(anonymous_5)
FNDA:0,(anonymous_6)
FNDA:0,(anonymous_7)
FNDA:0,(anonymous_8)
DA:1,6
DA:2,6
DA:3,6
DA:4,6
DA:78,6
DA:100,6
DA:132,6
DA:161,6
DA:186,6
DA:209,6
DA:251,6
DA:280,6
DA:309,6
DA:311,6
LF:14
LH:14
BRF:0
BRH:0
end_of_record
TN:
SF:src\presentation\peca.controller.js
FN:11,(anonymous_0)
FN:20,(anonymous_1)
FN:29,(anonymous_2)
FN:39,(anonymous_3)
FN:49,(anonymous_4)
FNF:5
FNH:5
FNDA:2,(anonymous_0)
FNDA:1,(anonymous_1)
FNDA:2,(anonymous_2)
FNDA:1,(anonymous_3)
FNDA:1,(anonymous_4)
DA:1,6
DA:2,6
DA:4,6
DA:5,6
DA:6,6
DA:7,6
DA:8,6
DA:12,2
DA:13,2
DA:14,1
DA:16,1
DA:21,1
DA:22,1
DA:23,1
DA:25,0
DA:30,2
DA:31,2
DA:32,2
DA:33,1
DA:35,1
DA:40,1
DA:41,1
DA:42,1
DA:43,1
DA:45,0
DA:50,1
DA:51,1
DA:52,1
DA:53,1
DA:55,0
DA:60,6
LF:31
LH:28
BRF:0
BRH:0
end_of_record
TN:
SF:src\presentation\peca.routes.js
FN:56,(anonymous_0)
FN:78,(anonymous_1)
FN:107,(anonymous_2)
FN:151,(anonymous_3)
FN:174,(anonymous_4)
FNF:5
FNH:5
FNDA:2,(anonymous_0)
FNDA:1,(anonymous_1)
FNDA:2,(anonymous_2)
FNDA:1,(anonymous_3)
FNDA:1,(anonymous_4)
DA:1,6
DA:2,6
DA:3,6
DA:4,6
DA:56,6
DA:78,6
DA:107,6
DA:151,6
DA:174,6
DA:176,6
LF:10
LH:10
BRF:0
BRH:0
end_of_record
TN:
SF:src\presentation\servico.controller.js
FN:11,(anonymous_0)
FN:20,(anonymous_1)
FN:30,(anonymous_2)
FN:40,(anonymous_3)
FN:51,(anonymous_4)
FNF:5
FNH:5
FNDA:2,(anonymous_0)
FNDA:1,(anonymous_1)
FNDA:2,(anonymous_2)
FNDA:1,(anonymous_3)
FNDA:1,(anonymous_4)
DA:1,6
DA:2,6
DA:4,6
DA:5,6
DA:6,6
DA:7,6
DA:8,6
DA:12,2
DA:13,2
DA:14,1
DA:16,1
DA:21,1
DA:22,1
DA:23,1
DA:25,0
DA:31,2
DA:32,2
DA:33,2
DA:34,1
DA:36,1
DA:41,1
DA:42,1
DA:43,1
DA:44,1
DA:46,0
DA:52,1
DA:53,1
DA:54,1
DA:55,1
DA:56,1
DA:58,0
DA:65,6
LF:32
LH:29
BRF:0
BRH:0
end_of_record
TN:
SF:src\presentation\servico.routes.js
FN:50,(anonymous_0)
FN:72,(anonymous_1)
FN:99,(anonymous_2)
FN:141,(anonymous_3)
FN:166,(anonymous_4)
FNF:5
FNH:5
FNDA:2,(anonymous_0)
FNDA:1,(anonymous_1)
FNDA:2,(anonymous_2)
FNDA:1,(anonymous_3)
FNDA:1,(anonymous_4)
DA:1,6
DA:2,6
DA:3,6
DA:4,6
DA:50,6
DA:72,6
DA:99,6
DA:141,6
DA:166,6
DA:168,6
LF:10
LH:10
BRF:0
BRH:0
end_of_record
TN:
SF:src\presentation\veiculo.controller.js
FN:13,(anonymous_0)
FN:22,(anonymous_1)
FN:32,(anonymous_2)
FN:38,(anonymous_3)
FN:44,(anonymous_4)
FNF:5
FNH:5
FNDA:4,(anonymous_0)
FNDA:4,(anonymous_1)
FNDA:2,(anonymous_2)
FNDA:2,(anonymous_3)
FNDA:2,(anonymous_4)
DA:1,6
DA:2,6
DA:4,6
DA:5,6
DA:6,6
DA:7,6
DA:8,6
DA:14,4
DA:15,4
DA:16,2
DA:18,2
DA:23,4
DA:24,4
DA:25,4
DA:26,2
DA:28,2
DA:33,2
DA:34,2
DA:39,2
DA:40,2
DA:41,2
DA:45,2
DA:46,2
DA:47,2
DA:49,0
DA:54,6
LF:26
LH:25
BRF:0
BRH:0
end_of_record
TN:
SF:src\presentation\veiculo.routes.js
FN:60,(anonymous_0)
FN:82,(anonymous_1)
FN:111,(anonymous_2)
FN:157,(anonymous_3)
FN:180,(anonymous_4)
FNF:5
FNH:5
FNDA:4,(anonymous_0)
FNDA:2,(anonymous_1)
FNDA:4,(anonymous_2)
FNDA:2,(anonymous_3)
FNDA:2,(anonymous_4)
DA:1,6
DA:2,6
DA:3,6
DA:4,6
DA:60,6
DA:82,6
DA:111,6
DA:157,6
DA:180,6
DA:182,6
LF:10
LH:10
BRF:0
BRH:0
end_of_record
TN:
SF:src\presentation\middlewares\auth.middleware.js
FN:3,authMiddleware
FN:23,(anonymous_1)
FNF:2
FNH:2
FNDA:40,authMiddleware
FNDA:35,(anonymous_1)
DA:1,6
DA:4,40
DA:6,40
DA:7,5
DA:11,35
DA:12,35
DA:13,0
DA:16,35
DA:18,35
DA:19,0
DA:23,35
DA:24,35
DA:27,35
DA:28,35
DA:32,6
LF:15
LH:13
BRDA:6,0,0,5
BRDA:6,0,1,35
BRDA:12,1,0,0
BRDA:12,1,1,35
BRDA:18,2,0,0
BRDA:18,2,1,35
BRDA:24,3,0,0
BRDA:24,3,1,35
BRF:8
BRH:5
end_of_record
